TN:VALADATE_TEST
SF:/home/bizarro/Documents/projects/valadate/libvaladate/test.vala
DA:21,12
DA:23,0
LF:2
LH:1
end_of_record
SF:/home/bizarro/Documents/projects/valadate/libvaladate/test.c
FN:56,valadate_test_run
FN:65,valadate_test_base_init
FN:77,valadate_test_get_type
FNDA:0,valadate_test_run
FNDA:12,valadate_test_base_init
FNDA:6,valadate_test_get_type
FNF:3
FNH:2
DA:56,0
DA:65,12
DA:74,12
DA:77,6
DA:79,6
DA:82,6
DA:83,6
DA:84,6
DA:86,6
LF:9
LH:8
end_of_record
TN:VALADATE_TEST
SF:/home/bizarro/Documents/projects/valadate/libvaladate/tempdir.vala
DA:33,8
DA:35,2
DA:36,2
DA:46,0
DA:55,0
DA:59,2
DA:66,8
DA:75,2
DA:81,8
DA:82,8
DA:98,4
DA:100,8
DA:101,8
DA:102,4
DA:103,324
DA:104,162
DA:105,162
DA:106,4
DA:108,158
DA:109,158
DA:112,4
DA:114,0
DA:118,4
DA:131,2
DA:132,2
DA:133,2
DA:134,2
DA:135,2
DA:137,2
DA:140,0
DA:142,6
DA:157,2
DA:158,2
DA:159,4
DA:160,2
DA:161,2
DA:163,2
DA:164,2
DA:166,0
DA:169,2
DA:185,0
DA:186,0
DA:187,0
DA:188,0
DA:190,0
DA:191,0
DA:192,0
DA:195,0
DA:205,0
DA:206,0
DA:207,0
DA:208,0
DA:210,0
DA:212,0
DA:213,0
DA:214,0
DA:216,0
DA:219,0
DA:229,0
DA:230,0
DA:231,0
DA:235,0
DA:236,0
DA:238,0
DA:240,0
DA:244,0
DA:245,0
DA:247,0
DA:253,2
DA:262,0
DA:263,2
DA:264,2
DA:265,2
DA:267,0
DA:269,0
DA:275,2
DA:276,2
DA:277,2
DA:278,2
DA:282,2
DA:283,2
DA:286,0
DA:287,0
DA:290,0
DA:291,0
DA:294,0
LF:86
LH:45
end_of_record
SF:/usr/share/vala-0.30/vapi/glib-2.0.vapi
DA:1300,2
DA:1301,2
DA:1302,2
DA:1303,2
LF:4
LH:4
end_of_record
SF:/home/bizarro/Documents/projects/valadate/libvaladate/tempdir.c
FN:102,valadate_temp_dir_get_orig_dir_name
FN:123,valadate_temp_dir_get_tmp_dir_name
FN:142,valadate_temp_dir_file
FN:181,valadate_temp_dir_contents
FN:362,string_get_data
FN:412,_g_object_ref0
FN:419,valadate_temp_dir_store
FN:563,valadate_temp_dir_copy
FN:729,valadate_temp_dir_shell
FN:980,valadate_temp_dir_delete_recursive
FN:1149,valadate_temp_dir_get_random_name
FN:1168,valadate_temp_dir_make_tmp_dir
FN:1262,valadate_temp_dir_do_copy
FN:1511,valadate_temp_dir_construct
FN:1521,valadate_temp_dir_new
FN:1528,valadate_temp_dir_get_dir
FN:1543,valadate_temp_dir_get_src_dir
FN:1561,valadate_temp_dir_class_init
FN:1605,valadate_temp_dir_instance_init
FN:1617,valadate_temp_dir_finalize
FN:1700,valadate_temp_dir_get_type
FN:1712,_vala_valadate_temp_dir_get_property
FN:1740,_vala_array_destroy
FN:1752,_vala_array_free
FNDA:0,valadate_temp_dir_get_orig_dir_name
FNDA:0,valadate_temp_dir_get_tmp_dir_name
FNDA:8,valadate_temp_dir_file
FNDA:4,valadate_temp_dir_contents
FNDA:2,string_get_data
FNDA:4,_g_object_ref0
FNDA:2,valadate_temp_dir_store
FNDA:2,valadate_temp_dir_copy
FNDA:0,valadate_temp_dir_shell
FNDA:0,valadate_temp_dir_delete_recursive
FNDA:2,valadate_temp_dir_get_random_name
FNDA:2,valadate_temp_dir_make_tmp_dir
FNDA:2,valadate_temp_dir_do_copy
FNDA:2,valadate_temp_dir_construct
FNDA:2,valadate_temp_dir_new
FNDA:8,valadate_temp_dir_get_dir
FNDA:2,valadate_temp_dir_get_src_dir
FNDA:2,valadate_temp_dir_class_init
FNDA:2,valadate_temp_dir_instance_init
FNDA:0,valadate_temp_dir_finalize
FNDA:4,valadate_temp_dir_get_type
FNDA:0,_vala_valadate_temp_dir_get_property
FNDA:0,_vala_array_destroy
FNDA:0,_vala_array_free
FNF:24
FNH:16
DA:102,0
DA:103,0
DA:104,0
DA:105,0
DA:123,0
DA:124,0
DA:125,0
DA:126,0
DA:142,8
DA:143,8
DA:144,8
DA:145,8
DA:146,8
DA:147,8
DA:181,4
DA:182,4
DA:183,4
DA:184,4
DA:191,4
DA:192,4
DA:193,4
DA:194,4
DA:195,4
DA:196,4
DA:197,4
DA:198,4
DA:199,4
DA:200,4
DA:201,4
DA:202,4
DA:203,4
DA:221,0
DA:233,4
DA:239,162
DA:240,162
DA:241,162
DA:242,162
DA:243,162
DA:244,162
DA:245,162
DA:267,0
DA:292,158
DA:312,4
DA:315,0
DA:316,0
DA:317,0
DA:362,2
DA:364,2
DA:365,2
DA:366,2
DA:367,2
DA:368,2
DA:369,2
DA:370,2
DA:371,2
DA:372,2
DA:373,2
DA:412,4
DA:419,2
DA:420,2
DA:421,2
DA:422,2
DA:423,2
DA:424,2
DA:425,2
DA:440,2
DA:441,2
DA:442,2
DA:443,2
DA:444,2
DA:445,2
DA:447,2
DA:448,2
DA:449,2
DA:465,2
DA:467,0
DA:470,0
DA:473,2
DA:486,0
DA:503,0
DA:506,2
DA:509,0
DA:510,0
DA:511,0
DA:563,2
DA:564,2
DA:565,2
DA:566,2
DA:567,2
DA:568,2
DA:569,2
DA:584,2
DA:585,2
DA:586,2
DA:587,2
DA:588,2
DA:589,2
DA:590,2
DA:591,2
DA:592,2
DA:594,2
DA:595,2
DA:596,2
DA:612,2
DA:614,0
DA:617,0
DA:620,2
DA:633,0
DA:662,0
DA:668,2
DA:671,0
DA:672,0
DA:673,0
DA:674,0
DA:729,0
DA:730,0
DA:731,0
DA:732,0
DA:733,0
DA:734,0
DA:735,0
DA:750,0
DA:758,0
DA:761,0
DA:764,0
DA:787,0
DA:788,0
DA:789,0
DA:790,0
DA:791,0
DA:792,0
DA:793,0
DA:794,0
DA:795,0
DA:796,0
DA:797,0
DA:798,0
DA:799,0
DA:800,0
DA:801,0
DA:802,0
DA:803,0
DA:804,0
DA:805,0
DA:806,0
DA:807,0
DA:808,0
DA:809,0
DA:810,0
DA:811,0
DA:812,0
DA:813,0
DA:814,0
DA:815,0
DA:867,0
DA:888,0
DA:895,0
DA:911,0
DA:929,0
DA:932,0
DA:933,0
DA:934,0
DA:980,0
DA:981,0
DA:982,0
DA:987,0
DA:988,0
DA:989,0
DA:990,0
DA:991,0
DA:1003,0
DA:1005,0
DA:1010,0
DA:1011,0
DA:1012,0
DA:1013,0
DA:1014,0
DA:1015,0
DA:1016,0
DA:1017,0
DA:1018,0
DA:1019,0
DA:1035,0
DA:1037,0
DA:1082,0
DA:1084,0
DA:1089,0
DA:1103,0
DA:1105,0
DA:1113,0
DA:1116,0
DA:1149,2
DA:1150,2
DA:1151,2
DA:1152,2
DA:1153,2
DA:1168,2
DA:1169,2
DA:1170,2
DA:1171,2
DA:1176,2
DA:1177,2
DA:1178,2
DA:1179,2
DA:1201,0
DA:1203,0
DA:1214,0
DA:1228,0
DA:1229,0
DA:1230,0
DA:1255,0
DA:1262,2
DA:1263,2
DA:1264,2
DA:1265,2
DA:1266,2
DA:1277,2
DA:1278,2
DA:1279,2
DA:1280,2
DA:1292,2
DA:1294,0
DA:1308,0
DA:1311,2
DA:1312,2
DA:1313,2
DA:1329,0
DA:1351,0
DA:1361,0
DA:1363,0
DA:1366,0
DA:1369,0
DA:1392,0
DA:1393,0
DA:1394,0
DA:1395,0
DA:1396,0
DA:1397,0
DA:1398,0
DA:1399,0
DA:1400,0
DA:1401,0
DA:1402,0
DA:1403,0
DA:1404,0
DA:1405,0
DA:1406,0
DA:1486,0
DA:1511,2
DA:1512,2
DA:1521,2
DA:1528,8
DA:1530,8
DA:1543,2
DA:1545,2
DA:1546,2
DA:1561,2
DA:1562,2
DA:1563,2
DA:1564,2
DA:1602,2
DA:1605,2
DA:1606,2
DA:1614,2
DA:1617,0
DA:1619,0
DA:1624,0
DA:1625,0
DA:1635,0
DA:1638,0
DA:1641,0
DA:1642,0
DA:1643,0
DA:1644,0
DA:1645,0
DA:1646,0
DA:1647,0
DA:1686,0
DA:1700,4
DA:1702,4
DA:1705,2
DA:1706,2
DA:1708,4
DA:1712,0
DA:1714,0
DA:1737,0
DA:1740,0
DA:1741,0
DA:1743,0
DA:1744,0
DA:1745,0
DA:1749,0
DA:1752,0
DA:1753,0
DA:1754,0
DA:1755,0
LF:296
LH:133
end_of_record
TN:VALADATE_TEST
SF:/home/bizarro/Documents/projects/valadate/libvaladate/testfixture.vala
DA:21,12
DA:23,0
DA:25,0
LF:3
LH:1
end_of_record
SF:/home/bizarro/Documents/projects/valadate/libvaladate/testfixture.c
FN:47,valadate_test_fixture_set_up
FN:56,valadate_test_fixture_tear_down
FN:65,valadate_test_fixture_base_init
FN:77,valadate_test_fixture_get_type
FNDA:0,valadate_test_fixture_set_up
FNDA:0,valadate_test_fixture_tear_down
FNDA:12,valadate_test_fixture_base_init
FNDA:6,valadate_test_fixture_get_type
FNF:4
FNH:2
DA:47,0
DA:56,0
DA:65,12
DA:74,12
DA:77,6
DA:79,6
DA:82,6
DA:83,6
DA:84,6
DA:86,6
LF:10
LH:8
end_of_record
TN:VALADATE_TEST
SF:/home/bizarro/Documents/projects/valadate/libvaladate/testcase.vala
DA:25,32
DA:27,18
DA:29,12
DA:33,20
DA:36,10
DA:39,24
DA:42,12
DA:43,36
DA:45,42
DA:51,0
DA:53,10
DA:55,10
DA:57,42
DA:59,24
DA:60,0
DA:61,0
DA:63,36
DA:66,12
DA:67,12
DA:68,24
DA:71,10
DA:72,10
DA:75,10
DA:76,10
DA:79,10
DA:80,10
LF:26
LH:23
end_of_record
SF:/usr/share/vala-0.30/vapi/glib-2.0.vapi
DA:1278,22
DA:1279,22
LF:2
LH:2
end_of_record
SF:/home/bizarro/Documents/projects/valadate/libvaladate/testcase.c
FN:198,string_contains
FN:218,valadate_test_case_construct
FN:246,_valadate_test_case_adaptor_ref0
FN:253,_vala_array_add1
FN:270,_valadate_test_case_adaptor_set_up_gtest_fixture_func
FN:277,_valadate_test_case_adaptor_run_gtest_fixture_func
FN:284,_valadate_test_case_adaptor_tear_down_gtest_fixture_func
FN:291,valadate_test_case_add_test
FN:363,valadate_test_case_real_run
FN:370,valadate_test_case_run
FN:379,valadate_test_case_real_set_up
FN:383,valadate_test_case_set_up
FN:392,valadate_test_case_real_tear_down
FN:396,valadate_test_case_tear_down
FN:405,valadate_test_case_get_suite
FN:420,valadate_test_case_set_suite
FN:434,_g_object_ref0
FN:441,valadate_test_case_adaptor_construct
FN:503,valadate_test_case_adaptor_new
FN:510,valadate_test_case_adaptor_set_up
FN:522,valadate_test_case_adaptor_run
FN:537,valadate_test_case_adaptor_tear_down
FN:549,valadate_test_case_adaptor_get_name
FN:564,valadate_test_case_adaptor_set_name
FN:581,valadate_test_case_value_adaptor_init
FN:588,valadate_test_case_value_adaptor_free_value
FN:598,valadate_test_case_value_adaptor_copy_value
FN:612,valadate_test_case_value_adaptor_peek_pointer
FN:619,valadate_test_case_value_adaptor_collect_value
FN:649,valadate_test_case_value_adaptor_lcopy_value
FN:678,valadate_test_case_param_spec_adaptor
FN:692,valadate_test_case_value_get_adaptor
FN:701,valadate_test_case_value_set_adaptor
FN:732,valadate_test_case_value_take_adaptor
FN:761,valadate_test_case_adaptor_class_init
FN:772,valadate_test_case_adaptor_instance_init
FN:781,valadate_test_case_adaptor_finalize
FN:803,valadate_test_case_adaptor_get_type
FN:817,valadate_test_case_adaptor_ref
FN:828,valadate_test_case_adaptor_unref
FN:842,valadate_test_case_class_init
FN:865,valadate_test_case_valadate_test_interface_init
FN:874,valadate_test_case_valadate_test_fixture_interface_init
FN:885,valadate_test_case_instance_init
FN:901,valadate_test_case_finalize
FN:913,valadate_test_case_get_type
FN:929,_vala_valadate_test_case_get_property
FN:951,_vala_valadate_test_case_set_property
FN:973,_vala_array_destroy
FN:985,_vala_array_free
FNDA:22,string_contains
FNDA:10,valadate_test_case_construct
FNDA:12,_valadate_test_case_adaptor_ref0
FNDA:12,_vala_array_add1
FNDA:10,_valadate_test_case_adaptor_set_up_gtest_fixture_func
FNDA:10,_valadate_test_case_adaptor_run_gtest_fixture_func
FNDA:10,_valadate_test_case_adaptor_tear_down_gtest_fixture_func
FNDA:12,valadate_test_case_add_test
FNDA:0,valadate_test_case_real_run
FNDA:0,valadate_test_case_run
FNDA:10,valadate_test_case_real_set_up
FNDA:10,valadate_test_case_set_up
FNDA:10,valadate_test_case_real_tear_down
FNDA:10,valadate_test_case_tear_down
FNDA:8,valadate_test_case_get_suite
FNDA:10,valadate_test_case_set_suite
FNDA:12,_g_object_ref0
FNDA:12,valadate_test_case_adaptor_construct
FNDA:12,valadate_test_case_adaptor_new
FNDA:10,valadate_test_case_adaptor_set_up
FNDA:10,valadate_test_case_adaptor_run
FNDA:10,valadate_test_case_adaptor_tear_down
FNDA:12,valadate_test_case_adaptor_get_name
FNDA:12,valadate_test_case_adaptor_set_name
FNDA:0,valadate_test_case_value_adaptor_init
FNDA:0,valadate_test_case_value_adaptor_free_value
FNDA:0,valadate_test_case_value_adaptor_copy_value
FNDA:0,valadate_test_case_value_adaptor_peek_pointer
FNDA:0,valadate_test_case_value_adaptor_collect_value
FNDA:0,valadate_test_case_value_adaptor_lcopy_value
FNDA:0,valadate_test_case_param_spec_adaptor
FNDA:0,valadate_test_case_value_get_adaptor
FNDA:0,valadate_test_case_value_set_adaptor
FNDA:0,valadate_test_case_value_take_adaptor
FNDA:6,valadate_test_case_adaptor_class_init
FNDA:12,valadate_test_case_adaptor_instance_init
FNDA:0,valadate_test_case_adaptor_finalize
FNDA:24,valadate_test_case_adaptor_get_type
FNDA:12,valadate_test_case_adaptor_ref
FNDA:12,valadate_test_case_adaptor_unref
FNDA:6,valadate_test_case_class_init
FNDA:6,valadate_test_case_valadate_test_interface_init
FNDA:6,valadate_test_case_valadate_test_fixture_interface_init
FNDA:10,valadate_test_case_instance_init
FNDA:2,valadate_test_case_finalize
FNDA:24,valadate_test_case_get_type
FNDA:0,_vala_valadate_test_case_get_property
FNDA:0,_vala_valadate_test_case_set_property
FNDA:2,_vala_array_destroy
FNDA:2,_vala_array_free
FNF:50
FNH:35
DA:198,22
DA:199,22
DA:200,22
DA:201,22
DA:218,10
DA:219,10
DA:220,10
DA:221,10
DA:222,10
DA:223,10
DA:246,12
DA:253,12
DA:267,12
DA:270,10
DA:274,10
DA:277,10
DA:281,10
DA:284,10
DA:288,10
DA:291,12
DA:292,12
DA:293,12
DA:294,12
DA:295,12
DA:296,12
DA:297,12
DA:298,12
DA:299,12
DA:300,12
DA:301,12
DA:302,12
DA:303,12
DA:304,12
DA:305,12
DA:306,12
DA:363,0
DA:370,0
DA:379,10
DA:380,10
DA:383,10
DA:392,10
DA:393,10
DA:396,10
DA:405,8
DA:407,8
DA:420,10
DA:421,10
DA:434,12
DA:441,12
DA:442,12
DA:443,12
DA:444,12
DA:445,12
DA:446,12
DA:447,12
DA:448,12
DA:503,12
DA:510,10
DA:511,10
DA:522,10
DA:523,10
DA:524,10
DA:537,10
DA:538,10
DA:549,12
DA:551,12
DA:564,12
DA:565,12
DA:566,12
DA:581,0
DA:585,0
DA:588,0
DA:595,0
DA:598,0
DA:609,0
DA:612,0
DA:619,0
DA:624,0
DA:630,0
DA:649,0
DA:651,0
DA:663,0
DA:678,0
DA:692,0
DA:701,0
DA:732,0
DA:761,6
DA:769,6
DA:772,12
DA:778,12
DA:781,0
DA:800,0
DA:803,24
DA:805,24
DA:810,6
DA:811,6
DA:813,24
DA:817,12
DA:819,12
DA:828,12
DA:830,12
DA:839,12
DA:842,6
DA:862,6
DA:865,6
DA:871,6
DA:874,6
DA:882,6
DA:885,10
DA:886,10
DA:898,10
DA:901,2
DA:910,2
DA:913,24
DA:915,24
DA:920,6
DA:921,6
DA:922,6
DA:923,6
DA:925,24
DA:929,0
DA:931,0
DA:948,0
DA:951,0
DA:953,0
DA:970,0
DA:973,2
DA:974,2
DA:976,2
DA:977,0
DA:978,0
DA:982,2
DA:985,2
DA:986,2
DA:987,2
DA:988,2
LF:136
LH:107
end_of_record
TN:VALADATE_TEST
SF:/home/bizarro/Documents/projects/valadate/tests/libvaladate/test_tempdir.vala
DA:21,4
DA:23,4
DA:24,2
DA:25,4
DA:26,4
DA:32,2
DA:34,2
DA:35,2
DA:36,2
DA:39,4
DA:40,2
DA:41,2
DA:42,2
DA:45,0
DA:46,0
DA:47,0
DA:50,0
DA:51,0
DA:52,0
DA:53,0
DA:54,0
LF:21
LH:13
end_of_record
SF:/home/bizarro/Documents/projects/valadate/tests/libvaladate/test_tempdir.c
FN:81,_valadate_temp_dir_test_test_store_valadate_test_case_test_method
FN:88,_valadate_temp_dir_test_test_copy_file_valadate_test_case_test_method
FN:95,valadate_temp_dir_test_construct
FN:109,valadate_temp_dir_test_new
FN:116,valadate_temp_dir_test_test_store
FN:147,valadate_temp_dir_test_test_copy_file
FN:181,valadate_temp_dir_test_test_shell
FN:212,valadate_temp_dir_test_test_copy_dir
FN:292,valadate_temp_dir_test_class_init
FN:303,valadate_temp_dir_test_instance_init
FN:315,valadate_temp_dir_test_finalize
FN:327,valadate_temp_dir_test_get_type
FNDA:2,_valadate_temp_dir_test_test_store_valadate_test_case_test_method
FNDA:2,_valadate_temp_dir_test_test_copy_file_valadate_test_case_test_method
FNDA:2,valadate_temp_dir_test_construct
FNDA:2,valadate_temp_dir_test_new
FNDA:2,valadate_temp_dir_test_test_store
FNDA:2,valadate_temp_dir_test_test_copy_file
FNDA:0,valadate_temp_dir_test_test_shell
FNDA:0,valadate_temp_dir_test_test_copy_dir
FNDA:2,valadate_temp_dir_test_class_init
FNDA:2,valadate_temp_dir_test_instance_init
FNDA:0,valadate_temp_dir_test_finalize
FNDA:4,valadate_temp_dir_test_get_type
FNF:12
FNH:9
DA:81,2
DA:85,2
DA:88,2
DA:92,2
DA:95,2
DA:96,2
DA:109,2
DA:116,2
DA:117,2
DA:118,2
DA:119,2
DA:120,2
DA:121,2
DA:122,2
DA:147,2
DA:148,2
DA:149,2
DA:150,2
DA:151,2
DA:152,2
DA:153,2
DA:154,2
DA:181,0
DA:182,0
DA:183,0
DA:184,0
DA:185,0
DA:186,0
DA:187,0
DA:212,0
DA:213,0
DA:214,0
DA:215,0
DA:216,0
DA:217,0
DA:218,0
DA:219,0
DA:220,0
DA:221,0
DA:222,0
DA:223,0
DA:224,0
DA:225,0
DA:226,0
DA:227,0
DA:228,0
DA:229,0
DA:230,0
DA:231,0
DA:292,2
DA:300,2
DA:303,2
DA:304,2
DA:312,2
DA:315,0
DA:324,0
DA:327,4
DA:329,4
DA:332,2
DA:333,2
DA:335,4
LF:61
LH:32
end_of_record
TN:VALADATE_TEST
SF:/home/bizarro/Documents/projects/valadate/tests/libvaladate/main.vala
DA:3,2
DA:5,12
DA:6,4
DA:11,2
DA:12,2
DA:14,6
DA:15,2
DA:16,2
DA:17,2
DA:20,6
DA:21,2
DA:22,2
DA:23,2
DA:26,2
DA:28,2
LF:15
LH:15
end_of_record
SF:/home/bizarro/Documents/projects/valadate/tests/libvaladate/main.c
FN:68,valadate_test_test_case_construct
FN:83,valadate_test_test_case_new
FN:90,valadate_test_test_case_class_init
FN:97,valadate_test_test_case_instance_init
FN:101,valadate_test_test_case_get_type
FN:113,__lambda4_
FN:136,___lambda4__gcallback
FN:143,__lambda6_
FN:150,___lambda6__valadate_test_case_test_method
FN:157,__lambda5_
FN:174,___lambda5__gcallback
FN:181,valadate_main
FN:213,main
FNDA:4,valadate_test_test_case_construct
FNDA:4,valadate_test_test_case_new
FNDA:2,valadate_test_test_case_class_init
FNDA:4,valadate_test_test_case_instance_init
FNDA:4,valadate_test_test_case_get_type
FNDA:2,__lambda4_
FNDA:2,___lambda4__gcallback
FNDA:0,__lambda6_
FNDA:0,___lambda6__valadate_test_case_test_method
FNDA:2,__lambda5_
FNDA:2,___lambda5__gcallback
FNDA:2,valadate_main
FNDA:2,main
FNF:13
FNH:11
DA:68,4
DA:69,4
DA:70,4
DA:83,4
DA:90,2
DA:94,2
DA:97,4
DA:98,4
DA:101,4
DA:103,4
DA:106,2
DA:107,2
DA:109,4
DA:113,2
DA:114,2
DA:115,2
DA:116,2
DA:117,2
DA:133,2
DA:136,2
DA:140,2
DA:143,0
DA:147,0
DA:150,0
DA:154,0
DA:157,2
DA:158,2
DA:159,2
DA:171,2
DA:174,2
DA:178,2
DA:181,2
DA:182,2
DA:183,2
DA:184,2
DA:185,2
DA:186,2
DA:210,2
DA:213,2
LF:39
LH:35
end_of_record
TN:VALADATE_TEST
SF:/home/bizarro/Documents/projects/valadate/tests/PIE/testloadpie.vala
DA:21,2
DA:25,4
DA:26,2
DA:27,4
DA:28,4
DA:31,4
DA:32,2
DA:33,2
DA:34,2
DA:37,4
DA:38,2
DA:39,2
DA:41,2
DA:42,2
DA:43,2
DA:47,2
DA:48,2
DA:49,2
DA:50,2
LF:19
LH:19
end_of_record
SF:/home/bizarro/Documents/projects/valadate/tests/PIE/testloadpie.c
FN:75,_valadate_test_load_pie_load_pie_valadate_test_case_test_method
FN:82,_valadate_test_load_pie_has_test_method_valadate_test_case_test_method
FN:89,valadate_test_load_pie_construct
FN:103,valadate_test_load_pie_new
FN:110,valadate_test_load_pie_load_pie
FN:135,valadate_test_load_pie_has_test_method
FN:171,valadate_test_load_pie_class_init
FN:178,valadate_test_load_pie_instance_init
FN:182,valadate_test_load_pie_get_type
FN:194,valadate_main
FN:222,main
FNDA:2,_valadate_test_load_pie_load_pie_valadate_test_case_test_method
FNDA:2,_valadate_test_load_pie_has_test_method_valadate_test_case_test_method
FNDA:2,valadate_test_load_pie_construct
FNDA:2,valadate_test_load_pie_new
FNDA:2,valadate_test_load_pie_load_pie
FNDA:2,valadate_test_load_pie_has_test_method
FNDA:2,valadate_test_load_pie_class_init
FNDA:2,valadate_test_load_pie_instance_init
FNDA:2,valadate_test_load_pie_get_type
FNDA:2,valadate_main
FNDA:2,main
FNF:11
FNH:11
DA:75,2
DA:79,2
DA:82,2
DA:86,2
DA:89,2
DA:90,2
DA:103,2
DA:110,2
DA:111,2
DA:112,2
DA:113,2
DA:114,2
DA:135,2
DA:136,2
DA:137,2
DA:138,2
DA:139,2
DA:140,2
DA:141,2
DA:142,2
DA:171,2
DA:175,2
DA:178,2
DA:179,2
DA:182,2
DA:184,2
DA:187,2
DA:188,2
DA:190,2
DA:194,2
DA:195,2
DA:196,2
DA:197,2
DA:198,2
DA:199,2
DA:219,2
DA:222,2
LF:37
LH:37
end_of_record
TN:VALADATE_TEST
SF:/home/bizarro/Documents/projects/valadate/tests/PIE/testpie.vala
DA:22,2
DA:24,4
DA:25,2
DA:26,4
DA:37,2
DA:38,2
DA:39,2
DA:40,2
LF:8
LH:8
end_of_record
SF:/home/bizarro/Documents/projects/valadate/tests/PIE/testpie.c
FN:68,_valadate_test_pie_test_pie_valadate_test_case_test_method
FN:75,valadate_test_pie_construct
FN:87,valadate_test_pie_new
FN:94,valadate_test_pie_test_pie
FN:101,valadate_test_pie_class_init
FN:108,valadate_test_pie_instance_init
FN:112,valadate_test_pie_get_type
FN:124,valadate_main
FN:152,main
FNDA:2,_valadate_test_pie_test_pie_valadate_test_case_test_method
FNDA:2,valadate_test_pie_construct
FNDA:2,valadate_test_pie_new
FNDA:4,valadate_test_pie_test_pie
FNDA:2,valadate_test_pie_class_init
FNDA:2,valadate_test_pie_instance_init
FNDA:2,valadate_test_pie_get_type
FNDA:2,valadate_main
FNDA:2,main
FNF:9
FNH:9
DA:68,2
DA:72,2
DA:75,2
DA:76,2
DA:87,2
DA:94,4
DA:98,4
DA:101,2
DA:105,2
DA:108,2
DA:109,2
DA:112,2
DA:114,2
DA:117,2
DA:118,2
DA:120,2
DA:124,2
DA:125,2
DA:126,2
DA:127,2
DA:128,2
DA:129,2
DA:149,2
DA:152,2
LF:24
LH:24
end_of_record
