TN:VALADATE_TEST
SF:/home/bizarro/Documents/projects/valadate/libvaladate/introspection/module.vala
DA:23,30
DA:25,4
DA:26,4
DA:28,60
DA:29,20
DA:32,18
DA:35,18
DA:36,0
DA:38,18
DA:39,18
DA:40,0
DA:41,18
DA:44,18
DA:46,18
DA:47,18
DA:48,18
DA:49,0
LF:17
LH:14
end_of_record
SF:/home/bizarro/Documents/projects/valadate/libvaladate/introspection/introspection/module.c
FN:86,valadate_introspection_module_construct
FNDA:20,valadate_introspection_module_construct
FNF:1
FNH:1
DA:86,20
DA:87,20
DA:88,20
DA:89,20
LF:4
LH:4
end_of_record
SF:/home/bizarro/Documents/projects/valadate/libvaladate/introspection/module.c
FN:108,valadate_introspection_module_new
FN:115,valadate_introspection_module_load_module
FN:219,valadate_introspection_module_get_method
FN:285,valadate_introspection_module_class_init
FN:296,valadate_introspection_module_instance_init
FN:303,valadate_introspection_module_finalize
FN:317,valadate_introspection_module_get_type
FNDA:20,valadate_introspection_module_new
FNDA:18,valadate_introspection_module_load_module
FNDA:18,valadate_introspection_module_get_method
FNDA:2,valadate_introspection_module_class_init
FNDA:20,valadate_introspection_module_instance_init
FNDA:4,valadate_introspection_module_finalize
FNDA:56,valadate_introspection_module_get_type
FNF:7
FNH:7
DA:108,20
DA:115,18
DA:116,18
DA:117,18
DA:118,18
DA:119,18
DA:120,18
DA:121,18
DA:122,18
DA:123,18
DA:124,18
DA:125,18
DA:126,18
DA:148,0
DA:149,0
DA:186,0
DA:187,0
DA:219,18
DA:220,18
DA:221,18
DA:222,18
DA:223,18
DA:224,18
DA:225,18
DA:226,18
DA:227,18
DA:228,18
DA:244,18
DA:250,18
DA:285,2
DA:293,2
DA:296,20
DA:300,20
DA:303,4
DA:314,4
DA:317,56
DA:319,56
DA:322,2
DA:323,2
DA:325,56
LF:40
LH:36
end_of_record
TN:VALADATE_TEST
SF:/home/bizarro/Documents/projects/valadate/libvaladate/introspection/repository.vala
DA:27,16
DA:28,2
DA:29,2
DA:30,2
DA:31,2
DA:36,4
DA:37,2
DA:38,14
DA:39,6
DA:40,182
DA:42,10
DA:46,14
DA:47,14
DA:48,14
DA:53,32
DA:54,16
DA:55,16
DA:56,16
DA:57,16
DA:58,16
DA:59,32
DA:60,32
DA:63,32
DA:64,16
DA:65,0
DA:66,16
DA:67,0
DA:68,32
DA:70,0
DA:74,16
DA:75,16
DA:76,16
DA:77,0
DA:79,16
DA:81,16
DA:82,0
DA:85,16
DA:86,16
DA:88,0
DA:90,16
DA:91,16
DA:92,0
DA:94,16
DA:95,16
DA:96,0
DA:98,16
DA:99,16
DA:100,0
DA:104,16
DA:105,16
DA:106,0
DA:108,16
DA:109,16
DA:110,16
DA:111,16
DA:116,68
DA:118,162
DA:119,64
DA:120,32
DA:123,34
DA:124,16
DA:127,16
DA:129,16
DA:130,96
DA:131,16
DA:133,34
DA:138,0
DA:139,0
DA:142,96
DA:143,96
DA:144,16
DA:145,32
DA:146,144
DA:147,128
DA:149,16
DA:150,16
DA:151,32
DA:152,16
DA:153,32
DA:154,16
DA:155,16
DA:156,16
DA:158,0
DA:159,48
DA:162,48
DA:163,48
DA:164,48
DA:165,48
DA:166,48
LF:89
LH:76
end_of_record
SF:/home/bizarro/Documents/projects/valadate/libvaladate/introspection/introspection/repository.c
FNDA:0,_g_free0_
FNF:1
FNH:0
DA:292,0
LF:1
LH:0
end_of_record
SF:/home/bizarro/Documents/projects/valadate/libvaladate/introspection/repository.c
FN:299,_g_object_unref0_
FN:306,valadate_introspection_repository_initialize
FN:355,block4_data_ref
FN:364,block4_data_unref
FN:378,_g_object_ref0
FN:385,_vala_array_add8
FN:402,__lambda12_
FN:438,___lambda12__gh_func
FN:445,_vala_array_dup6
FN:466,valadate_introspection_repository_get_class_by_type
FN:522,valadate_introspection_repository_get_class_by_name
FN:549,_vala_array_add9
FN:566,_vala_array_add10
FN:583,valadate_introspection_repository_add_package
FN:704,valadate_introspection_repository_load_gir
FN:872,valadate_introspection_repository_parse_gir
FN:1273,valadate_introspection_repository_repository_real_serialize_property
FN:1301,valadate_introspection_repository_repository_serialize_property
FN:1310,block5_data_ref
FN:1319,block5_data_unref
FN:1339,_json_array_ref0
FN:1346,_vala_array_add11
FN:1363,___lambda7_
FN:1398,____lambda7__json_array_foreach
FN:1405,valadate_introspection_repository_repository_real_deserialize_property
FN:1594,valadate_introspection_repository_repository_deserialize_property
FN:1603,valadate_introspection_repository_repository_real_find_property
FN:1641,valadate_introspection_repository_repository_construct
FN:1651,valadate_introspection_repository_repository_new
FN:1658,valadate_introspection_repository_repository_get_include
FN:1673,valadate_introspection_repository_repository_set_include
FN:1692,valadate_introspection_repository_repository_get_package
FN:1707,valadate_introspection_repository_repository_set_package
FN:1726,valadate_introspection_repository_repository_get_includes
FN:1756,_vala_array_dup7
FN:1777,valadate_introspection_repository_repository_set_includes
FN:1804,valadate_introspection_repository_repository_get_namespace
FN:1819,valadate_introspection_repository_repository_set_namespace
FN:1838,valadate_introspection_repository_repository_get_module
FN:1853,valadate_introspection_repository_repository_set_module
FN:1867,valadate_introspection_repository_repository_include_construct
FN:1877,valadate_introspection_repository_repository_include_new
FN:1884,valadate_introspection_repository_repository_include_get_name
FN:1899,valadate_introspection_repository_repository_include_set_name
FN:1918,valadate_introspection_repository_repository_include_get_version
FN:1933,valadate_introspection_repository_repository_include_set_version
FN:1952,valadate_introspection_repository_repository_include_class_init
FN:1971,valadate_introspection_repository_repository_include_instance_init
FN:1978,valadate_introspection_repository_repository_include_finalize
FN:1992,valadate_introspection_repository_repository_include_get_type
FN:2004,_vala_valadate_introspection_repository_repository_include_get_property
FN:2032,_vala_valadate_introspection_repository_repository_include_set_property
FN:2060,valadate_introspection_repository_repository_package_construct
FN:2070,valadate_introspection_repository_repository_package_new
FN:2077,valadate_introspection_repository_repository_package_get_name
FN:2092,valadate_introspection_repository_repository_package_set_name
FN:2111,valadate_introspection_repository_repository_package_class_init
FN:2128,valadate_introspection_repository_repository_package_instance_init
FN:2135,valadate_introspection_repository_repository_package_finalize
FN:2147,valadate_introspection_repository_repository_package_get_type
FN:2159,_vala_valadate_introspection_repository_repository_package_get_property
FN:2181,_vala_valadate_introspection_repository_repository_package_set_property
FN:2203,valadate_introspection_repository_repository_class_init
FN:2230,valadate_introspection_repository_repository_json_serializable_interface_init
FN:2243,valadate_introspection_repository_repository_instance_init
FN:2250,valadate_introspection_repository_repository_finalize
FN:2268,valadate_introspection_repository_repository_get_type
FN:2282,_vala_valadate_introspection_repository_repository_get_property
FN:2322,_vala_valadate_introspection_repository_repository_set_property
FN:2362,_vala_array_destroy
FN:2374,_vala_array_free
FNDA:0,_g_object_unref0_
FNDA:16,valadate_introspection_repository_initialize
FNDA:0,block4_data_ref
FNDA:2,block4_data_unref
FNDA:170,_g_object_ref0
FNDA:6,_vala_array_add8
FNDA:6,__lambda12_
FNDA:6,___lambda12__gh_func
FNDA:2,_vala_array_dup6
FNDA:2,valadate_introspection_repository_get_class_by_type
FNDA:14,valadate_introspection_repository_get_class_by_name
FNDA:16,_vala_array_add9
FNDA:16,_vala_array_add10
FNDA:16,valadate_introspection_repository_add_package
FNDA:16,valadate_introspection_repository_load_gir
FNDA:16,valadate_introspection_repository_parse_gir
FNDA:0,valadate_introspection_repository_repository_real_serialize_property
FNDA:0,valadate_introspection_repository_repository_serialize_property
FNDA:0,block5_data_ref
FNDA:16,block5_data_unref
FNDA:16,_json_array_ref0
FNDA:64,_vala_array_add11
FNDA:64,___lambda7_
FNDA:64,____lambda7__json_array_foreach
FNDA:48,valadate_introspection_repository_repository_real_deserialize_property
FNDA:48,valadate_introspection_repository_repository_deserialize_property
FNDA:48,valadate_introspection_repository_repository_real_find_property
FNDA:0,valadate_introspection_repository_repository_construct
FNDA:0,valadate_introspection_repository_repository_new
FNDA:0,valadate_introspection_repository_repository_get_include
FNDA:16,valadate_introspection_repository_repository_set_include
FNDA:0,valadate_introspection_repository_repository_get_package
FNDA:16,valadate_introspection_repository_repository_set_package
FNDA:0,valadate_introspection_repository_repository_get_includes
FNDA:16,_vala_array_dup7
FNDA:16,valadate_introspection_repository_repository_set_includes
FNDA:0,valadate_introspection_repository_repository_get_namespace
FNDA:16,valadate_introspection_repository_repository_set_namespace
FNDA:18,valadate_introspection_repository_repository_get_module
FNDA:16,valadate_introspection_repository_repository_set_module
FNDA:0,valadate_introspection_repository_repository_include_construct
FNDA:0,valadate_introspection_repository_repository_include_new
FNDA:0,valadate_introspection_repository_repository_include_get_name
FNDA:64,valadate_introspection_repository_repository_include_set_name
FNDA:0,valadate_introspection_repository_repository_include_get_version
FNDA:32,valadate_introspection_repository_repository_include_set_version
FNDA:2,valadate_introspection_repository_repository_include_class_init
FNDA:64,valadate_introspection_repository_repository_include_instance_init
FNDA:0,valadate_introspection_repository_repository_include_finalize
FNDA:290,valadate_introspection_repository_repository_include_get_type
FNDA:0,_vala_valadate_introspection_repository_repository_include_get_property
FNDA:96,_vala_valadate_introspection_repository_repository_include_set_property
FNDA:0,valadate_introspection_repository_repository_package_construct
FNDA:0,valadate_introspection_repository_repository_package_new
FNDA:0,valadate_introspection_repository_repository_package_get_name
FNDA:16,valadate_introspection_repository_repository_package_set_name
FNDA:2,valadate_introspection_repository_repository_package_class_init
FNDA:16,valadate_introspection_repository_repository_package_instance_init
FNDA:0,valadate_introspection_repository_repository_package_finalize
FNDA:66,valadate_introspection_repository_repository_package_get_type
FNDA:0,_vala_valadate_introspection_repository_repository_package_get_property
FNDA:16,_vala_valadate_introspection_repository_repository_package_set_property
FNDA:2,valadate_introspection_repository_repository_class_init
FNDA:2,valadate_introspection_repository_repository_json_serializable_interface_init
FNDA:16,valadate_introspection_repository_repository_instance_init
FNDA:0,valadate_introspection_repository_repository_finalize
FNDA:98,valadate_introspection_repository_repository_get_type
FNDA:0,_vala_valadate_introspection_repository_repository_get_property
FNDA:48,_vala_valadate_introspection_repository_repository_set_property
FNDA:54,_vala_array_destroy
FNDA:54,_vala_array_free
FNF:71
FNH:47
DA:296,0
DA:299,0
DA:303,0
DA:306,16
DA:307,16
DA:313,2
DA:314,2
DA:315,2
DA:316,2
DA:317,2
DA:352,16
DA:355,0
DA:364,2
DA:366,2
DA:375,2
DA:378,170
DA:385,6
DA:399,6
DA:402,6
DA:403,6
DA:404,6
DA:405,6
DA:406,6
DA:407,6
DA:425,6
DA:426,6
DA:438,6
DA:442,6
DA:445,2
DA:453,6
DA:466,2
DA:467,2
DA:469,2
DA:470,2
DA:471,2
DA:472,2
DA:473,2
DA:474,2
DA:475,2
DA:522,14
DA:523,14
DA:524,14
DA:525,14
DA:526,14
DA:527,14
DA:528,14
DA:549,16
DA:563,16
DA:566,16
DA:580,16
DA:583,16
DA:584,16
DA:585,16
DA:586,16
DA:587,16
DA:588,16
DA:589,16
DA:590,16
DA:591,16
DA:592,16
DA:593,16
DA:594,16
DA:595,16
DA:596,16
DA:597,16
DA:598,16
DA:599,16
DA:600,16
DA:601,16
DA:704,16
DA:705,16
DA:706,16
DA:707,16
DA:708,16
DA:709,16
DA:710,16
DA:711,16
DA:712,16
DA:713,16
DA:714,16
DA:732,0
DA:733,0
DA:783,16
DA:784,16
DA:785,16
DA:786,16
DA:787,16
DA:797,0
DA:824,0
DA:825,0
DA:826,0
DA:827,0
DA:843,0
DA:872,16
DA:873,16
DA:874,16
DA:875,16
DA:876,16
DA:877,16
DA:878,16
DA:879,16
DA:880,16
DA:881,16
DA:882,16
DA:883,16
DA:884,16
DA:885,16
DA:886,16
DA:887,16
DA:888,16
DA:889,16
DA:890,16
DA:891,16
DA:892,16
DA:893,16
DA:894,16
DA:895,16
DA:896,16
DA:897,16
DA:898,16
DA:899,16
DA:900,16
DA:901,16
DA:902,16
DA:903,16
DA:904,16
DA:905,16
DA:906,16
DA:907,16
DA:908,16
DA:909,16
DA:910,16
DA:911,16
DA:912,16
DA:926,0
DA:927,0
DA:962,0
DA:989,16
DA:990,16
DA:1007,0
DA:1010,16
DA:1013,0
DA:1014,0
DA:1015,0
DA:1016,0
DA:1032,0
DA:1075,0
DA:1114,0
DA:1165,0
DA:1212,0
DA:1273,0
DA:1274,0
DA:1275,0
DA:1276,0
DA:1277,0
DA:1278,0
DA:1301,0
DA:1310,0
DA:1319,16
DA:1321,16
DA:1336,16
DA:1339,16
DA:1346,64
DA:1360,64
DA:1363,64
DA:1365,64
DA:1366,64
DA:1367,64
DA:1368,64
DA:1369,64
DA:1398,64
DA:1402,64
DA:1405,48
DA:1406,48
DA:1407,48
DA:1408,48
DA:1421,16
DA:1422,16
DA:1423,16
DA:1424,16
DA:1425,16
DA:1426,16
DA:1427,16
DA:1428,16
DA:1429,16
DA:1430,16
DA:1431,16
DA:1480,32
DA:1486,16
DA:1487,16
DA:1488,16
DA:1505,16
DA:1511,16
DA:1512,16
DA:1513,16
DA:1514,16
DA:1515,16
DA:1516,16
DA:1543,0
DA:1544,0
DA:1545,0
DA:1546,0
DA:1547,0
DA:1594,48
DA:1603,48
DA:1605,48
DA:1606,48
DA:1607,48
DA:1608,48
DA:1609,48
DA:1610,48
DA:1611,48
DA:1612,48
DA:1641,0
DA:1642,0
DA:1651,0
DA:1658,0
DA:1660,0
DA:1673,16
DA:1674,16
DA:1675,16
DA:1692,0
DA:1694,0
DA:1707,16
DA:1708,16
DA:1709,16
DA:1726,0
DA:1728,0
DA:1729,0
DA:1730,0
DA:1731,0
DA:1756,16
DA:1764,64
DA:1777,16
DA:1778,16
DA:1779,16
DA:1780,16
DA:1781,16
DA:1804,0
DA:1806,0
DA:1819,16
DA:1820,16
DA:1821,16
DA:1838,18
DA:1840,18
DA:1853,16
DA:1854,16
DA:1867,0
DA:1868,0
DA:1877,0
DA:1884,0
DA:1886,0
DA:1899,64
DA:1900,64
DA:1901,64
DA:1918,0
DA:1920,0
DA:1933,32
DA:1934,32
DA:1935,32
DA:1952,2
DA:1968,2
DA:1971,64
DA:1975,64
DA:1978,0
DA:1989,0
DA:1992,290
DA:1994,290
DA:1997,2
DA:1998,2
DA:2000,290
DA:2004,0
DA:2006,0
DA:2029,0
DA:2032,96
DA:2034,96
DA:2057,96
DA:2060,0
DA:2061,0
DA:2070,0
DA:2077,0
DA:2079,0
DA:2092,16
DA:2093,16
DA:2094,16
DA:2111,2
DA:2125,2
DA:2128,16
DA:2132,16
DA:2135,0
DA:2144,0
DA:2147,66
DA:2149,66
DA:2152,2
DA:2153,2
DA:2155,66
DA:2159,0
DA:2161,0
DA:2178,0
DA:2181,16
DA:2183,16
DA:2200,16
DA:2203,2
DA:2227,2
DA:2230,2
DA:2240,2
DA:2243,16
DA:2247,16
DA:2250,0
DA:2265,0
DA:2268,98
DA:2270,98
DA:2274,2
DA:2275,2
DA:2276,2
DA:2278,98
DA:2282,0
DA:2284,0
DA:2319,0
DA:2322,48
DA:2324,48
DA:2359,48
DA:2362,54
DA:2363,54
DA:2365,104
DA:2366,70
DA:2367,70
DA:2371,54
DA:2374,54
DA:2375,54
DA:2376,54
DA:2377,54
LF:332
LH:253
end_of_record
TN:VALADATE_TEST
SF:/home/bizarro/Documents/projects/valadate/libvaladate/introspection/namespace.vala
DA:22,996
DA:23,432
DA:24,432
DA:25,1318
DA:26,272
DA:27,704
DA:29,0
DA:30,0
DA:33,1120
DA:35,560
DA:36,288
DA:37,288
DA:38,656
DA:39,128
DA:40,160
DA:41,192
DA:43,128
DA:44,160
DA:45,128
DA:48,128
DA:49,128
DA:50,144
DA:51,144
DA:53,0
DA:55,560
DA:58,672
DA:59,672
DA:60,672
DA:61,672
DA:62,672
DA:68,472
DA:69,144
DA:70,90
DA:71,90
DA:72,90
DA:73,96
DA:74,288
DA:75,90
DA:77,96
DA:79,6
DA:80,18
DA:82,0
DA:83,0
DA:86,672
DA:88,336
DA:89,240
DA:90,240
DA:91,96
DA:92,48
DA:93,192
DA:94,48
DA:95,96
DA:96,16
DA:97,16
DA:98,32
DA:100,32
DA:101,416
DA:102,128
DA:103,128
DA:104,256
DA:107,48
DA:108,48
DA:110,0
DA:112,336
DA:115,432
DA:116,432
DA:117,432
DA:118,432
DA:119,48
DA:120,384
DA:126,100
DA:127,16
DA:128,16
DA:129,16
DA:130,16
DA:131,64
DA:132,16
DA:133,16
DA:134,18
DA:139,0
DA:140,0
DA:143,160
DA:145,80
DA:146,48
DA:147,48
DA:148,80
DA:149,16
DA:150,16
DA:151,80
DA:152,64
DA:154,16
DA:155,16
DA:156,32
DA:157,16
DA:158,160
DA:159,48
DA:160,48
DA:161,54
DA:162,6
DA:163,6
DA:164,6
DA:168,16
DA:170,0
DA:172,80
DA:175,112
DA:176,112
DA:177,112
DA:178,112
DA:179,112
LF:109
LH:100
end_of_record
SF:/home/bizarro/Documents/projects/valadate/libvaladate/introspection/introspection/namespace.c
FN:380,valadate_introspection_repository_method_def_real_serialize_property
FNDA:0,valadate_introspection_repository_method_def_real_serialize_property
FNF:1
FNH:0
DA:380,0
DA:381,0
DA:382,0
DA:383,0
DA:384,0
DA:385,0
LF:6
LH:0
end_of_record
SF:/home/bizarro/Documents/projects/valadate/libvaladate/introspection/namespace.c
FN:408,valadate_introspection_repository_method_def_serialize_property
FN:417,block1_data_ref
FN:426,block1_data_unref
FN:446,_vala_array_add3
FN:463,_json_array_ref0
FN:470,_vala_array_add4
FN:487,_____lambda10_
FN:522,______lambda10__json_array_foreach
FN:529,valadate_introspection_repository_method_def_real_deserialize_property
FN:737,valadate_introspection_repository_method_def_deserialize_property
FN:746,valadate_introspection_repository_method_def_real_find_property
FN:784,valadate_introspection_repository_method_def_construct
FN:794,valadate_introspection_repository_method_def_new
FN:801,valadate_introspection_repository_method_def_get_name
FN:816,valadate_introspection_repository_method_def_set_name
FN:835,valadate_introspection_repository_method_def_get_identifier
FN:850,valadate_introspection_repository_method_def_set_identifier
FN:869,valadate_introspection_repository_method_def_get_return_value
FN:884,_g_object_ref0
FN:891,valadate_introspection_repository_method_def_set_return_value
FN:910,valadate_introspection_repository_method_def_get_annotation
FN:925,valadate_introspection_repository_method_def_set_annotation
FN:944,valadate_introspection_repository_method_def_get_annotations
FN:974,_vala_array_dup3
FN:995,valadate_introspection_repository_method_def_set_annotations
FN:1022,valadate_introspection_repository_method_def_class_init
FN:1049,valadate_introspection_repository_method_def_json_serializable_interface_init
FN:1062,valadate_introspection_repository_method_def_instance_init
FN:1069,valadate_introspection_repository_method_def_finalize
FN:1089,valadate_introspection_repository_method_def_get_type
FN:1103,_vala_valadate_introspection_repository_method_def_get_property
FN:1143,_vala_valadate_introspection_repository_method_def_set_property
FN:1183,valadate_introspection_repository_class_def_real_serialize_property
FN:1211,valadate_introspection_repository_class_def_serialize_property
FN:1220,block2_data_ref
FN:1229,block2_data_unref
FN:1249,_vala_array_add5
FN:1266,_vala_array_add6
FN:1283,______lambda11_
FN:1339,_______lambda11__json_array_foreach
FN:1346,valadate_introspection_repository_class_def_real_deserialize_property
FN:1572,valadate_introspection_repository_class_def_deserialize_property
FN:1581,valadate_introspection_repository_class_def_real_find_property
FN:1642,valadate_introspection_repository_class_def_construct
FN:1652,valadate_introspection_repository_class_def_new
FN:1659,valadate_introspection_repository_class_def_get_name
FN:1674,valadate_introspection_repository_class_def_set_name
FN:1693,valadate_introspection_repository_class_def_get_type_name
FN:1708,valadate_introspection_repository_class_def_set_type_name
FN:1727,valadate_introspection_repository_class_def_get_type_struct
FN:1742,valadate_introspection_repository_class_def_set_type_struct
FN:1761,valadate_introspection_repository_class_def_get_parent
FN:1776,valadate_introspection_repository_class_def_set_parent
FN:1795,valadate_introspection_repository_class_def_get_constructor
FN:1810,valadate_introspection_repository_class_def_set_constructor
FN:1829,valadate_introspection_repository_class_def_get_methods
FN:1859,_vala_array_dup4
FN:1880,valadate_introspection_repository_class_def_set_methods
FN:1907,valadate_introspection_repository_class_def_get_method
FN:1922,valadate_introspection_repository_class_def_set_method
FN:1941,valadate_introspection_repository_class_def_get_get_type_method
FN:1956,valadate_introspection_repository_class_def_set_get_type_method
FN:1975,valadate_introspection_repository_class_def_get_namespace
FN:1990,valadate_introspection_repository_class_def_set_namespace
FN:2004,valadate_introspection_repository_class_def_get_module
FN:2025,valadate_introspection_repository_class_def_class_init
FN:2062,valadate_introspection_repository_class_def_json_serializable_interface_init
FN:2075,valadate_introspection_repository_class_def_instance_init
FN:2082,valadate_introspection_repository_class_def_finalize
FN:2108,valadate_introspection_repository_class_def_get_type
FN:2122,_vala_valadate_introspection_repository_class_def_get_property
FN:2192,_vala_valadate_introspection_repository_class_def_set_property
FN:2259,valadate_introspection_repository_namespace_real_serialize_property
FN:2287,valadate_introspection_repository_namespace_serialize_property
FN:2296,block3_data_ref
FN:2305,block3_data_unref
FN:2325,_vala_array_add7
FN:2342,____lambda8_
FN:2377,_____lambda8__json_array_foreach
FN:2384,_____lambda9_
FN:2479,______lambda9__json_array_foreach
FN:2486,valadate_introspection_repository_namespace_real_deserialize_property
FN:2662,valadate_introspection_repository_namespace_deserialize_property
FN:2671,valadate_introspection_repository_namespace_real_find_property
FN:2709,valadate_introspection_repository_namespace_construct
FN:2719,valadate_introspection_repository_namespace_new
FN:2726,valadate_introspection_repository_namespace_get_name
FN:2741,valadate_introspection_repository_namespace_set_name
FN:2760,valadate_introspection_repository_namespace_get_version
FN:2775,valadate_introspection_repository_namespace_set_version
FN:2794,valadate_introspection_repository_namespace_get_prefix
FN:2809,valadate_introspection_repository_namespace_set_prefix
FN:2828,valadate_introspection_repository_namespace_get_annotation
FN:2843,valadate_introspection_repository_namespace_set_annotation
FN:2862,valadate_introspection_repository_namespace_get_annotations
FN:2892,_vala_array_dup5
FN:2913,valadate_introspection_repository_namespace_set_annotations
FN:2940,valadate_introspection_repository_namespace_get_class
FN:2955,valadate_introspection_repository_namespace_set_class
FN:2974,valadate_introspection_repository_namespace_get_repository
FN:2989,valadate_introspection_repository_namespace_set_repository
FN:3003,valadate_introspection_repository_namespace_get_module
FN:3024,valadate_introspection_repository_namespace_class_init
FN:3057,valadate_introspection_repository_namespace_json_serializable_interface_init
FN:3070,valadate_introspection_repository_namespace_instance_init
FN:3077,valadate_introspection_repository_namespace_finalize
FN:3099,valadate_introspection_repository_namespace_get_type
FN:3113,_vala_valadate_introspection_repository_namespace_get_property
FN:3171,_vala_valadate_introspection_repository_namespace_set_property
FN:3223,_vala_array_destroy
FN:3235,_vala_array_free
FNDA:0,valadate_introspection_repository_method_def_serialize_property
FNDA:0,block1_data_ref
FNDA:128,block1_data_unref
FNDA:96,_vala_array_add3
FNDA:96,_json_array_ref0
FNDA:64,_vala_array_add4
FNDA:64,_____lambda10_
FNDA:64,______lambda10__json_array_foreach
FNDA:560,valadate_introspection_repository_method_def_real_deserialize_property
FNDA:560,valadate_introspection_repository_method_def_deserialize_property
FNDA:672,valadate_introspection_repository_method_def_real_find_property
FNDA:0,valadate_introspection_repository_method_def_construct
FNDA:0,valadate_introspection_repository_method_def_new
FNDA:144,valadate_introspection_repository_method_def_get_name
FNDA:144,valadate_introspection_repository_method_def_set_name
FNDA:144,valadate_introspection_repository_method_def_get_identifier
FNDA:144,valadate_introspection_repository_method_def_set_identifier
FNDA:144,valadate_introspection_repository_method_def_get_return_value
FNDA:886,_g_object_ref0
FNDA:144,valadate_introspection_repository_method_def_set_return_value
FNDA:0,valadate_introspection_repository_method_def_get_annotation
FNDA:128,valadate_introspection_repository_method_def_set_annotation
FNDA:144,valadate_introspection_repository_method_def_get_annotations
FNDA:128,_vala_array_dup3
FNDA:128,valadate_introspection_repository_method_def_set_annotations
FNDA:2,valadate_introspection_repository_method_def_class_init
FNDA:2,valadate_introspection_repository_method_def_json_serializable_interface_init
FNDA:144,valadate_introspection_repository_method_def_instance_init
FNDA:144,valadate_introspection_repository_method_def_finalize
FNDA:1138,valadate_introspection_repository_method_def_get_type
FNDA:0,_vala_valadate_introspection_repository_method_def_get_property
FNDA:560,_vala_valadate_introspection_repository_method_def_set_property
FNDA:0,valadate_introspection_repository_class_def_real_serialize_property
FNDA:0,valadate_introspection_repository_class_def_serialize_property
FNDA:0,block2_data_ref
FNDA:48,block2_data_unref
FNDA:16,_vala_array_add5
FNDA:128,_vala_array_add6
FNDA:128,______lambda11_
FNDA:128,_______lambda11__json_array_foreach
FNDA:336,valadate_introspection_repository_class_def_real_deserialize_property
FNDA:336,valadate_introspection_repository_class_def_deserialize_property
FNDA:432,valadate_introspection_repository_class_def_real_find_property
FNDA:0,valadate_introspection_repository_class_def_construct
FNDA:0,valadate_introspection_repository_class_def_new
FNDA:54,valadate_introspection_repository_class_def_get_name
FNDA:48,valadate_introspection_repository_class_def_set_name
FNDA:0,valadate_introspection_repository_class_def_get_type_name
FNDA:48,valadate_introspection_repository_class_def_set_type_name
FNDA:0,valadate_introspection_repository_class_def_get_type_struct
FNDA:48,valadate_introspection_repository_class_def_set_type_struct
FNDA:0,valadate_introspection_repository_class_def_get_parent
FNDA:48,valadate_introspection_repository_class_def_set_parent
FNDA:6,valadate_introspection_repository_class_def_get_constructor
FNDA:48,valadate_introspection_repository_class_def_set_constructor
FNDA:6,valadate_introspection_repository_class_def_get_methods
FNDA:48,_vala_array_dup4
FNDA:48,valadate_introspection_repository_class_def_set_methods
FNDA:0,valadate_introspection_repository_class_def_get_method
FNDA:48,valadate_introspection_repository_class_def_set_method
FNDA:6,valadate_introspection_repository_class_def_get_get_type_method
FNDA:48,valadate_introspection_repository_class_def_set_get_type_method
FNDA:0,valadate_introspection_repository_class_def_get_namespace
FNDA:6,valadate_introspection_repository_class_def_set_namespace
FNDA:18,valadate_introspection_repository_class_def_get_module
FNDA:2,valadate_introspection_repository_class_def_class_init
FNDA:2,valadate_introspection_repository_class_def_json_serializable_interface_init
FNDA:48,valadate_introspection_repository_class_def_instance_init
FNDA:42,valadate_introspection_repository_class_def_finalize
FNDA:544,valadate_introspection_repository_class_def_get_type
FNDA:0,_vala_valadate_introspection_repository_class_def_get_property
FNDA:336,_vala_valadate_introspection_repository_class_def_set_property
FNDA:0,valadate_introspection_repository_namespace_real_serialize_property
FNDA:0,valadate_introspection_repository_namespace_serialize_property
FNDA:0,block3_data_ref
FNDA:16,block3_data_unref
FNDA:32,_vala_array_add7
FNDA:32,____lambda8_
FNDA:32,_____lambda8__json_array_foreach
FNDA:48,_____lambda9_
FNDA:48,______lambda9__json_array_foreach
FNDA:80,valadate_introspection_repository_namespace_real_deserialize_property
FNDA:80,valadate_introspection_repository_namespace_deserialize_property
FNDA:112,valadate_introspection_repository_namespace_real_find_property
FNDA:0,valadate_introspection_repository_namespace_construct
FNDA:0,valadate_introspection_repository_namespace_new
FNDA:0,valadate_introspection_repository_namespace_get_name
FNDA:16,valadate_introspection_repository_namespace_set_name
FNDA:0,valadate_introspection_repository_namespace_get_version
FNDA:16,valadate_introspection_repository_namespace_set_version
FNDA:0,valadate_introspection_repository_namespace_get_prefix
FNDA:16,valadate_introspection_repository_namespace_set_prefix
FNDA:0,valadate_introspection_repository_namespace_get_annotation
FNDA:16,valadate_introspection_repository_namespace_set_annotation
FNDA:0,valadate_introspection_repository_namespace_get_annotations
FNDA:16,_vala_array_dup5
FNDA:16,valadate_introspection_repository_namespace_set_annotations
FNDA:0,valadate_introspection_repository_namespace_get_class
FNDA:16,valadate_introspection_repository_namespace_set_class
FNDA:0,valadate_introspection_repository_namespace_get_repository
FNDA:16,valadate_introspection_repository_namespace_set_repository
FNDA:18,valadate_introspection_repository_namespace_get_module
FNDA:2,valadate_introspection_repository_namespace_class_init
FNDA:2,valadate_introspection_repository_namespace_json_serializable_interface_init
FNDA:16,valadate_introspection_repository_namespace_instance_init
FNDA:0,valadate_introspection_repository_namespace_finalize
FNDA:132,valadate_introspection_repository_namespace_get_type
FNDA:0,_vala_valadate_introspection_repository_namespace_get_property
FNDA:80,_vala_valadate_introspection_repository_namespace_set_property
FNDA:570,_vala_array_destroy
FNDA:570,_vala_array_free
FNF:111
FNH:80
DA:408,0
DA:417,0
DA:426,128
DA:428,128
DA:443,128
DA:446,96
DA:460,96
DA:463,96
DA:470,64
DA:484,64
DA:487,64
DA:489,64
DA:490,64
DA:491,64
DA:492,64
DA:493,64
DA:522,64
DA:526,64
DA:529,560
DA:530,560
DA:531,560
DA:532,560
DA:533,560
DA:547,288
DA:548,288
DA:559,272
DA:566,128
DA:567,128
DA:568,128
DA:569,128
DA:570,128
DA:571,128
DA:572,128
DA:573,128
DA:595,96
DA:596,96
DA:597,96
DA:598,96
DA:599,96
DA:620,32
DA:621,32
DA:622,32
DA:623,32
DA:624,32
DA:661,144
DA:667,144
DA:668,144
DA:669,144
DA:686,0
DA:687,0
DA:688,0
DA:689,0
DA:690,0
DA:737,560
DA:746,672
DA:748,672
DA:749,672
DA:750,672
DA:751,672
DA:752,672
DA:753,672
DA:754,672
DA:755,672
DA:784,0
DA:785,0
DA:794,0
DA:801,144
DA:803,144
DA:816,144
DA:817,144
DA:818,144
DA:835,144
DA:837,144
DA:850,144
DA:851,144
DA:852,144
DA:869,144
DA:871,144
DA:884,886
DA:891,144
DA:892,144
DA:893,144
DA:910,0
DA:912,0
DA:925,128
DA:926,128
DA:927,128
DA:944,144
DA:946,144
DA:947,144
DA:948,144
DA:949,144
DA:974,128
DA:982,160
DA:995,128
DA:996,128
DA:997,128
DA:998,128
DA:999,128
DA:1022,2
DA:1046,2
DA:1049,2
DA:1059,2
DA:1062,144
DA:1066,144
DA:1069,144
DA:1086,144
DA:1089,1138
DA:1091,1138
DA:1095,2
DA:1096,2
DA:1097,2
DA:1099,1138
DA:1103,0
DA:1105,0
DA:1140,0
DA:1143,560
DA:1145,560
DA:1180,560
DA:1183,0
DA:1184,0
DA:1185,0
DA:1186,0
DA:1187,0
DA:1188,0
DA:1211,0
DA:1220,0
DA:1229,48
DA:1231,48
DA:1246,48
DA:1249,16
DA:1263,16
DA:1266,128
DA:1280,128
DA:1283,128
DA:1285,128
DA:1286,128
DA:1287,128
DA:1288,128
DA:1289,128
DA:1290,128
DA:1291,128
DA:1292,128
DA:1293,128
DA:1294,128
DA:1339,128
DA:1343,128
DA:1346,336
DA:1347,336
DA:1348,336
DA:1349,336
DA:1350,336
DA:1364,240
DA:1365,240
DA:1376,96
DA:1382,48
DA:1383,48
DA:1384,48
DA:1401,48
DA:1408,48
DA:1409,48
DA:1410,48
DA:1411,48
DA:1412,48
DA:1434,16
DA:1435,16
DA:1436,16
DA:1437,16
DA:1438,16
DA:1439,16
DA:1440,16
DA:1441,16
DA:1442,16
DA:1443,16
DA:1444,16
DA:1445,16
DA:1486,32
DA:1487,32
DA:1488,32
DA:1489,32
DA:1490,32
DA:1521,0
DA:1522,0
DA:1523,0
DA:1524,0
DA:1525,0
DA:1572,336
DA:1581,432
DA:1583,432
DA:1584,432
DA:1585,432
DA:1586,432
DA:1587,432
DA:1588,432
DA:1589,432
DA:1590,432
DA:1591,432
DA:1592,432
DA:1612,48
DA:1613,48
DA:1642,0
DA:1643,0
DA:1652,0
DA:1659,54
DA:1661,54
DA:1674,48
DA:1675,48
DA:1676,48
DA:1693,0
DA:1695,0
DA:1708,48
DA:1709,48
DA:1710,48
DA:1727,0
DA:1729,0
DA:1742,48
DA:1743,48
DA:1744,48
DA:1761,0
DA:1763,0
DA:1776,48
DA:1777,48
DA:1778,48
DA:1795,6
DA:1797,6
DA:1810,48
DA:1811,48
DA:1812,48
DA:1829,6
DA:1831,6
DA:1832,6
DA:1833,6
DA:1834,6
DA:1859,48
DA:1867,144
DA:1880,48
DA:1881,48
DA:1882,48
DA:1883,48
DA:1884,48
DA:1907,0
DA:1909,0
DA:1922,48
DA:1923,48
DA:1924,48
DA:1941,6
DA:1943,6
DA:1956,48
DA:1957,48
DA:1958,48
DA:1975,0
DA:1977,0
DA:1990,6
DA:1991,6
DA:2004,18
DA:2006,18
DA:2007,18
DA:2008,18
DA:2025,2
DA:2059,2
DA:2062,2
DA:2072,2
DA:2075,48
DA:2079,48
DA:2082,42
DA:2105,42
DA:2108,544
DA:2110,544
DA:2114,2
DA:2115,2
DA:2116,2
DA:2118,544
DA:2122,0
DA:2124,0
DA:2189,0
DA:2192,336
DA:2194,336
DA:2253,336
DA:2259,0
DA:2260,0
DA:2261,0
DA:2262,0
DA:2263,0
DA:2264,0
DA:2287,0
DA:2296,0
DA:2305,16
DA:2307,16
DA:2322,16
DA:2325,32
DA:2339,32
DA:2342,32
DA:2344,32
DA:2345,32
DA:2346,32
DA:2347,32
DA:2348,32
DA:2377,32
DA:2381,32
DA:2384,48
DA:2385,48
DA:2386,48
DA:2387,48
DA:2388,48
DA:2389,48
DA:2413,48
DA:2414,48
DA:2415,48
DA:2416,48
DA:2417,48
DA:2431,6
DA:2432,6
DA:2433,6
DA:2434,6
DA:2435,6
DA:2436,6
DA:2437,6
DA:2438,6
DA:2439,6
DA:2440,6
DA:2441,6
DA:2479,48
DA:2483,48
DA:2486,80
DA:2487,80
DA:2488,80
DA:2489,80
DA:2490,80
DA:2504,48
DA:2505,48
DA:2516,32
DA:2523,16
DA:2524,16
DA:2525,16
DA:2526,16
DA:2527,16
DA:2528,16
DA:2529,16
DA:2530,16
DA:2531,16
DA:2532,16
DA:2533,16
DA:2582,16
DA:2588,16
DA:2589,16
DA:2590,16
DA:2591,16
DA:2592,16
DA:2611,0
DA:2612,0
DA:2613,0
DA:2614,0
DA:2615,0
DA:2662,80
DA:2671,112
DA:2673,112
DA:2674,112
DA:2675,112
DA:2676,112
DA:2677,112
DA:2678,112
DA:2679,112
DA:2680,112
DA:2709,0
DA:2710,0
DA:2719,0
DA:2726,0
DA:2728,0
DA:2741,16
DA:2742,16
DA:2743,16
DA:2760,0
DA:2762,0
DA:2775,16
DA:2776,16
DA:2777,16
DA:2794,0
DA:2796,0
DA:2809,16
DA:2810,16
DA:2811,16
DA:2828,0
DA:2830,0
DA:2843,16
DA:2844,16
DA:2845,16
DA:2862,0
DA:2864,0
DA:2865,0
DA:2866,0
DA:2867,0
DA:2892,16
DA:2900,32
DA:2913,16
DA:2914,16
DA:2915,16
DA:2916,16
DA:2917,16
DA:2940,0
DA:2942,0
DA:2955,16
DA:2956,16
DA:2957,16
DA:2974,0
DA:2976,0
DA:2989,16
DA:2990,16
DA:3003,18
DA:3005,18
DA:3006,18
DA:3007,18
DA:3024,2
DA:3054,2
DA:3057,2
DA:3067,2
DA:3070,16
DA:3074,16
DA:3077,0
DA:3096,0
DA:3099,132
DA:3101,132
DA:3105,2
DA:3106,2
DA:3107,2
DA:3109,132
DA:3113,0
DA:3115,0
DA:3168,0
DA:3171,80
DA:3173,80
DA:3220,80
DA:3223,570
DA:3224,570
DA:3226,984
DA:3227,622
DA:3228,622
DA:3232,570
DA:3235,570
DA:3236,570
DA:3237,570
DA:3238,570
LF:441
LH:359
end_of_record
TN:VALADATE_TEST
SF:/home/bizarro/Documents/projects/valadate/libvaladate/introspection/introspection.vala
DA:30,0
DA:31,0
DA:36,8
DA:41,12
DA:45,10
DA:46,10
DA:47,6
DA:48,10
DA:51,6
DA:53,16
DA:55,0
DA:57,18
DA:58,6
DA:59,6
DA:62,6
DA:63,6
DA:64,6
DA:68,6
DA:69,442
DA:73,4
DA:74,4
DA:78,6
DA:79,6
DA:80,6
DA:85,590
DA:86,318
DA:87,324
DA:88,318
DA:89,144
DA:91,2
DA:93,564
DA:99,2
DA:100,2
DA:101,2
DA:104,432
DA:105,144
DA:106,144
DA:107,144
DA:108,144
DA:113,0
DA:118,386
DA:119,192
DA:124,858
DA:125,336
DA:126,334
LF:45
LH:41
end_of_record
SF:/home/bizarro/Documents/projects/valadate/libvaladate/introspection/introspection/introspection.c
FN:351,valadate_introspection_error_quark
FN:356,valadate_introspection_typeinfo_construct
FNDA:0,valadate_introspection_error_quark
FNDA:0,valadate_introspection_typeinfo_construct
FNF:2
FNH:0
DA:351,0
DA:352,0
DA:356,0
DA:357,0
LF:4
LH:0
end_of_record
SF:/home/bizarro/Documents/projects/valadate/libvaladate/introspection/introspection.c
FN:366,valadate_introspection_typeinfo_new
FN:373,valadate_introspection_typeinfo_get_name
FN:388,valadate_introspection_typeinfo_set_name
FN:407,valadate_introspection_typeinfo_class_init
FN:424,valadate_introspection_typeinfo_instance_init
FN:431,valadate_introspection_typeinfo_finalize
FN:443,valadate_introspection_typeinfo_get_type
FN:455,_vala_valadate_introspection_typeinfo_get_property
FN:477,_vala_valadate_introspection_typeinfo_set_property
FN:499,valadate_introspection_class_construct
FN:509,valadate_introspection_class_new
FN:516,valadate_introspection_class_construct_from_class_def
FN:544,valadate_introspection_class_new_from_class_def
FN:551,valadate_introspection_class_init_class_type
FN:607,_g_object_ref0
FN:614,_vala_array_dup1
FN:635,valadate_introspection_class_get_methods
FN:678,valadate_introspection_class_get_method
FN:718,valadate_introspection_class_get_instance
FN:783,valadate_introspection_class_get_name
FN:798,valadate_introspection_class_set_name
FN:817,valadate_introspection_class_get_class_type
FN:841,valadate_introspection_class_get_classdef
FN:856,valadate_introspection_class_set_classdef
FN:875,valadate_introspection_class_get_module
FN:896,valadate_introspection_class_class_init
FN:919,valadate_introspection_class_instance_init
FN:926,valadate_introspection_class_finalize
FN:940,valadate_introspection_class_get_type
FN:952,_vala_valadate_introspection_class_get_property
FN:992,_vala_valadate_introspection_class_set_property
FN:1020,valadate_introspection_method_call
FN:1070,valadate_introspection_method_construct_from_def
FN:1130,valadate_introspection_method_new_from_def
FN:1137,valadate_introspection_method_construct
FN:1147,valadate_introspection_method_new
FN:1154,valadate_introspection_method_get_name
FN:1169,valadate_introspection_method_set_name
FN:1188,valadate_introspection_method_get_identifier
FN:1203,valadate_introspection_method_set_identifier
FN:1222,valadate_introspection_method_get_return_value
FN:1237,valadate_introspection_method_set_return_value
FN:1256,valadate_introspection_method_get_class
FN:1271,valadate_introspection_method_set_class
FN:1285,valadate_introspection_method_get_module
FN:1306,valadate_introspection_method_get_annotations
FN:1336,_vala_array_dup2
FN:1357,valadate_introspection_method_set_annotations
FN:1384,valadate_introspection_method_class_init
FN:1409,valadate_introspection_method_instance_init
FN:1416,valadate_introspection_method_finalize
FN:1434,valadate_introspection_method_get_type
FN:1446,_vala_valadate_introspection_method_get_property
FN:1492,_vala_valadate_introspection_method_set_property
FN:1532,valadate_introspection_field_construct
FN:1542,valadate_introspection_field_new
FN:1549,valadate_introspection_field_class_init
FN:1556,valadate_introspection_field_instance_init
FN:1560,valadate_introspection_field_get_type
FN:1572,valadate_introspection_parameter_construct
FN:1582,valadate_introspection_parameter_new
FN:1589,valadate_introspection_parameter_get_transfer_ownership
FN:1604,valadate_introspection_parameter_set_transfer_ownership
FN:1623,valadate_introspection_parameter_class_init
FN:1640,valadate_introspection_parameter_instance_init
FN:1647,valadate_introspection_parameter_finalize
FN:1659,valadate_introspection_parameter_get_type
FN:1671,_vala_valadate_introspection_parameter_get_property
FN:1693,_vala_valadate_introspection_parameter_set_property
FN:1715,valadate_introspection_annotation_construct
FN:1725,valadate_introspection_annotation_new
FN:1732,valadate_introspection_annotation_get_key
FN:1747,valadate_introspection_annotation_set_key
FN:1766,valadate_introspection_annotation_get_value
FN:1781,valadate_introspection_annotation_set_value
FN:1800,valadate_introspection_annotation_class_init
FN:1819,valadate_introspection_annotation_instance_init
FN:1826,valadate_introspection_annotation_finalize
FN:1840,valadate_introspection_annotation_get_type
FN:1852,_vala_valadate_introspection_annotation_get_property
FN:1880,_vala_valadate_introspection_annotation_set_property
FN:1908,_vala_array_destroy
FN:1920,_vala_array_free
FNDA:0,valadate_introspection_typeinfo_new
FNDA:0,valadate_introspection_typeinfo_get_name
FNDA:0,valadate_introspection_typeinfo_set_name
FNDA:0,valadate_introspection_typeinfo_class_init
FNDA:0,valadate_introspection_typeinfo_instance_init
FNDA:0,valadate_introspection_typeinfo_finalize
FNDA:0,valadate_introspection_typeinfo_get_type
FNDA:0,_vala_valadate_introspection_typeinfo_get_property
FNDA:0,_vala_valadate_introspection_typeinfo_set_property
FNDA:0,valadate_introspection_class_construct
FNDA:0,valadate_introspection_class_new
FNDA:6,valadate_introspection_class_construct_from_class_def
FNDA:6,valadate_introspection_class_new_from_class_def
FNDA:6,valadate_introspection_class_init_class_type
FNDA:394,_g_object_ref0
FNDA:6,_vala_array_dup1
FNDA:6,valadate_introspection_class_get_methods
FNDA:4,valadate_introspection_class_get_method
FNDA:6,valadate_introspection_class_get_instance
FNDA:6,valadate_introspection_class_get_name
FNDA:6,valadate_introspection_class_set_name
FNDA:10,valadate_introspection_class_get_class_type
FNDA:0,valadate_introspection_class_get_classdef
FNDA:6,valadate_introspection_class_set_classdef
FNDA:16,valadate_introspection_class_get_module
FNDA:2,valadate_introspection_class_class_init
FNDA:6,valadate_introspection_class_instance_init
FNDA:0,valadate_introspection_class_finalize
FNDA:12,valadate_introspection_class_get_type
FNDA:0,_vala_valadate_introspection_class_get_property
FNDA:0,_vala_valadate_introspection_class_set_property
FNDA:2,valadate_introspection_method_call
FNDA:144,valadate_introspection_method_construct_from_def
FNDA:144,valadate_introspection_method_new_from_def
FNDA:0,valadate_introspection_method_construct
FNDA:0,valadate_introspection_method_new
FNDA:0,valadate_introspection_method_get_name
FNDA:192,valadate_introspection_method_set_name
FNDA:6,valadate_introspection_method_get_identifier
FNDA:192,valadate_introspection_method_set_identifier
FNDA:0,valadate_introspection_method_get_return_value
FNDA:192,valadate_introspection_method_set_return_value
FNDA:0,valadate_introspection_method_get_class
FNDA:144,valadate_introspection_method_set_class
FNDA:2,valadate_introspection_method_get_module
FNDA:6,valadate_introspection_method_get_annotations
FNDA:128,_vala_array_dup2
FNDA:144,valadate_introspection_method_set_annotations
FNDA:2,valadate_introspection_method_class_init
FNDA:192,valadate_introspection_method_instance_init
FNDA:126,valadate_introspection_method_finalize
FNDA:752,valadate_introspection_method_get_type
FNDA:0,_vala_valadate_introspection_method_get_property
FNDA:144,_vala_valadate_introspection_method_set_property
FNDA:0,valadate_introspection_field_construct
FNDA:0,valadate_introspection_field_new
FNDA:0,valadate_introspection_field_class_init
FNDA:0,valadate_introspection_field_instance_init
FNDA:0,valadate_introspection_field_get_type
FNDA:0,valadate_introspection_parameter_construct
FNDA:0,valadate_introspection_parameter_new
FNDA:0,valadate_introspection_parameter_get_transfer_ownership
FNDA:192,valadate_introspection_parameter_set_transfer_ownership
FNDA:2,valadate_introspection_parameter_class_init
FNDA:192,valadate_introspection_parameter_instance_init
FNDA:0,valadate_introspection_parameter_finalize
FNDA:676,valadate_introspection_parameter_get_type
FNDA:0,_vala_valadate_introspection_parameter_get_property
FNDA:192,_vala_valadate_introspection_parameter_set_property
FNDA:0,valadate_introspection_annotation_construct
FNDA:0,valadate_introspection_annotation_new
FNDA:4,valadate_introspection_annotation_get_key
FNDA:192,valadate_introspection_annotation_set_key
FNDA:2,valadate_introspection_annotation_get_value
FNDA:192,valadate_introspection_annotation_set_value
FNDA:2,valadate_introspection_annotation_class_init
FNDA:192,valadate_introspection_annotation_instance_init
FNDA:140,valadate_introspection_annotation_finalize
FNDA:1104,valadate_introspection_annotation_get_type
FNDA:0,_vala_valadate_introspection_annotation_get_property
FNDA:384,_vala_valadate_introspection_annotation_set_property
FNDA:270,_vala_array_destroy
FNDA:270,_vala_array_free
FNF:83
FNH:49
DA:366,0
DA:373,0
DA:375,0
DA:388,0
DA:389,0
DA:390,0
DA:407,0
DA:421,0
DA:424,0
DA:428,0
DA:431,0
DA:440,0
DA:443,0
DA:445,0
DA:448,0
DA:449,0
DA:451,0
DA:455,0
DA:457,0
DA:474,0
DA:477,0
DA:479,0
DA:496,0
DA:499,0
DA:500,0
DA:509,0
DA:516,6
DA:517,6
DA:518,6
DA:519,6
DA:520,6
DA:521,6
DA:544,6
DA:551,6
DA:552,6
DA:553,6
DA:554,6
DA:555,6
DA:556,6
DA:557,6
DA:558,6
DA:559,6
DA:560,6
DA:561,6
DA:562,6
DA:563,6
DA:564,6
DA:607,394
DA:614,6
DA:622,36
DA:635,6
DA:636,6
DA:637,6
DA:638,6
DA:639,6
DA:640,6
DA:641,6
DA:642,6
DA:643,6
DA:644,6
DA:645,6
DA:678,4
DA:679,4
DA:680,4
DA:681,4
DA:682,4
DA:683,4
DA:684,4
DA:685,4
DA:718,6
DA:719,6
DA:720,6
DA:721,6
DA:722,6
DA:723,6
DA:724,6
DA:725,6
DA:726,6
DA:727,6
DA:728,6
DA:729,6
DA:730,6
DA:731,6
DA:732,6
DA:733,6
DA:734,6
DA:783,6
DA:785,6
DA:798,6
DA:799,6
DA:800,6
DA:817,10
DA:819,10
DA:820,10
DA:841,0
DA:843,0
DA:856,6
DA:857,6
DA:858,6
DA:875,16
DA:877,16
DA:878,16
DA:879,16
DA:896,2
DA:916,2
DA:919,6
DA:923,6
DA:926,0
DA:937,0
DA:940,12
DA:942,12
DA:945,2
DA:946,2
DA:948,12
DA:952,0
DA:954,0
DA:989,0
DA:992,0
DA:994,0
DA:1017,0
DA:1020,2
DA:1021,2
DA:1022,2
DA:1023,2
DA:1024,2
DA:1025,2
DA:1026,2
DA:1027,2
DA:1028,2
DA:1029,2
DA:1030,2
DA:1031,2
DA:1070,144
DA:1071,144
DA:1072,144
DA:1073,144
DA:1074,144
DA:1075,144
DA:1076,144
DA:1077,144
DA:1078,144
DA:1079,144
DA:1080,144
DA:1081,144
DA:1082,144
DA:1083,144
DA:1084,144
DA:1085,144
DA:1130,144
DA:1137,0
DA:1138,0
DA:1147,0
DA:1154,0
DA:1156,0
DA:1169,192
DA:1170,192
DA:1171,192
DA:1188,6
DA:1190,6
DA:1203,192
DA:1204,192
DA:1205,192
DA:1222,0
DA:1224,0
DA:1237,192
DA:1238,192
DA:1239,192
DA:1256,0
DA:1258,0
DA:1271,144
DA:1272,144
DA:1285,2
DA:1287,2
DA:1288,2
DA:1289,2
DA:1306,6
DA:1308,6
DA:1309,6
DA:1310,6
DA:1311,6
DA:1336,128
DA:1344,160
DA:1357,144
DA:1358,144
DA:1359,144
DA:1360,144
DA:1361,144
DA:1384,2
DA:1406,2
DA:1409,192
DA:1413,192
DA:1416,126
DA:1431,126
DA:1434,752
DA:1436,752
DA:1439,2
DA:1440,2
DA:1442,752
DA:1446,0
DA:1448,0
DA:1489,0
DA:1492,144
DA:1494,144
DA:1529,144
DA:1532,0
DA:1533,0
DA:1542,0
DA:1549,0
DA:1553,0
DA:1556,0
DA:1557,0
DA:1560,0
DA:1562,0
DA:1565,0
DA:1566,0
DA:1568,0
DA:1572,0
DA:1573,0
DA:1582,0
DA:1589,0
DA:1591,0
DA:1604,192
DA:1605,192
DA:1606,192
DA:1623,2
DA:1637,2
DA:1640,192
DA:1644,192
DA:1647,0
DA:1656,0
DA:1659,676
DA:1661,676
DA:1664,2
DA:1665,2
DA:1667,676
DA:1671,0
DA:1673,0
DA:1690,0
DA:1693,192
DA:1695,192
DA:1712,192
DA:1715,0
DA:1716,0
DA:1725,0
DA:1732,4
DA:1734,4
DA:1747,192
DA:1748,192
DA:1749,192
DA:1766,2
DA:1768,2
DA:1781,192
DA:1782,192
DA:1783,192
DA:1800,2
DA:1816,2
DA:1819,192
DA:1823,192
DA:1826,140
DA:1837,140
DA:1840,1104
DA:1842,1104
DA:1845,2
DA:1846,2
DA:1848,1104
DA:1852,0
DA:1854,0
DA:1877,0
DA:1880,384
DA:1882,384
DA:1905,384
DA:1908,270
DA:1909,270
DA:1911,252
DA:1912,140
DA:1913,140
DA:1917,270
DA:1920,270
DA:1921,270
DA:1922,270
DA:1923,270
LF:281
LH:205
end_of_record
TN:VALADATE_TEST
SF:/home/bizarro/Documents/projects/valadate/libvaladate/assert.vala
DA:31,0
DA:34,4
DA:35,6
DA:36,2
DA:37,2
DA:38,2
DA:39,2
DA:40,0
DA:41,0
DA:45,2
DA:46,2
DA:48,0
DA:53,2
DA:54,2
DA:56,0
DA:63,0
DA:65,0
DA:66,0
DA:68,0
DA:69,0
DA:70,0
DA:71,0
DA:72,0
DA:73,0
DA:74,0
DA:75,0
DA:76,0
DA:77,0
DA:78,0
DA:79,0
DA:80,0
DA:81,0
DA:82,0
DA:83,0
DA:86,0
DA:89,0
DA:91,0
DA:103,0
DA:105,0
DA:107,0
DA:108,0
DA:121,0
DA:123,0
DA:125,0
DA:126,0
DA:136,10
DA:138,10
DA:139,0
DA:149,0
DA:151,0
DA:152,0
DA:161,0
DA:163,0
DA:177,0
DA:179,0
DA:181,0
DA:182,0
DA:186,0
DA:187,0
DA:188,0
DA:191,0
LF:61
LH:12
end_of_record
SF:/usr/share/vala-0.30/vapi/glib-2.0.vapi
DA:37,0
DA:38,0
DA:40,0
DA:1314,0
DA:1315,0
LF:5
LH:0
end_of_record
SF:/home/bizarro/Documents/projects/valadate/libvaladate/assert.c
FN:82,valadate_assert_error_quark
FN:87,string_to_string
FN:99,valadate_assert_equals
FN:210,valadate_assert_not_null
FN:229,valadate_assert_null
FN:248,bool_to_string
FN:274,valadate_assert_typed_value_to_string
FN:481,valadate_assert_throw_unexpected_value
FN:577,valadate_assert_are_equal
FN:684,valadate_assert_are_not_equal
FN:758,valadate_assert_is_true
FN:802,valadate_assert_is_false
FN:845,valadate_assert_fail
FN:886,valadate_assert_should_throw_async
FN:1032,valadate_assert_construct
FN:1042,valadate_assert_new
FN:1049,valadate_assert_class_init
FN:1056,valadate_assert_instance_init
FN:1060,valadate_assert_get_type
FNDA:0,valadate_assert_error_quark
FNDA:0,string_to_string
FNDA:4,valadate_assert_equals
FNDA:2,valadate_assert_not_null
FNDA:2,valadate_assert_null
FNDA:0,bool_to_string
FNDA:0,valadate_assert_typed_value_to_string
FNDA:0,valadate_assert_throw_unexpected_value
FNDA:0,valadate_assert_are_equal
FNDA:0,valadate_assert_are_not_equal
FNDA:10,valadate_assert_is_true
FNDA:0,valadate_assert_is_false
FNDA:0,valadate_assert_fail
FNDA:0,valadate_assert_should_throw_async
FNDA:0,valadate_assert_construct
FNDA:0,valadate_assert_new
FNDA:0,valadate_assert_class_init
FNDA:0,valadate_assert_instance_init
FNDA:0,valadate_assert_get_type
FNF:19
FNH:4
DA:82,0
DA:83,0
DA:87,0
DA:88,0
DA:99,4
DA:100,4
DA:101,4
DA:102,4
DA:103,4
DA:104,4
DA:105,4
DA:106,4
DA:107,4
DA:108,4
DA:109,4
DA:110,4
DA:111,4
DA:112,4
DA:113,4
DA:114,4
DA:115,4
DA:121,2
DA:122,2
DA:123,2
DA:124,2
DA:147,2
DA:148,2
DA:149,2
DA:150,2
DA:210,2
DA:211,2
DA:219,0
DA:229,2
DA:230,2
DA:238,0
DA:248,0
DA:249,0
DA:253,0
DA:262,0
DA:274,0
DA:275,0
DA:276,0
DA:277,0
DA:278,0
DA:279,0
DA:280,0
DA:294,0
DA:295,0
DA:303,0
DA:304,0
DA:305,0
DA:318,0
DA:319,0
DA:327,0
DA:328,0
DA:339,0
DA:340,0
DA:348,0
DA:349,0
DA:360,0
DA:361,0
DA:369,0
DA:370,0
DA:381,0
DA:382,0
DA:390,0
DA:391,0
DA:402,0
DA:403,0
DA:411,0
DA:412,0
DA:423,0
DA:424,0
DA:432,0
DA:433,0
DA:444,0
DA:445,0
DA:453,0
DA:454,0
DA:481,0
DA:482,0
DA:483,0
DA:484,0
DA:485,0
DA:486,0
DA:487,0
DA:488,0
DA:489,0
DA:490,0
DA:491,0
DA:505,0
DA:506,0
DA:507,0
DA:520,0
DA:577,0
DA:578,0
DA:579,0
DA:580,0
DA:590,0
DA:591,0
DA:592,0
DA:593,0
DA:594,0
DA:595,0
DA:596,0
DA:597,0
DA:598,0
DA:599,0
DA:600,0
DA:601,0
DA:602,0
DA:603,0
DA:604,0
DA:605,0
DA:684,0
DA:685,0
DA:686,0
DA:687,0
DA:697,0
DA:698,0
DA:699,0
DA:700,0
DA:701,0
DA:702,0
DA:703,0
DA:758,10
DA:759,10
DA:760,10
DA:768,0
DA:802,0
DA:803,0
DA:804,0
DA:812,0
DA:845,0
DA:846,0
DA:847,0
DA:848,0
DA:886,0
DA:887,0
DA:888,0
DA:895,0
DA:896,0
DA:897,0
DA:898,0
DA:899,0
DA:900,0
DA:916,0
DA:921,0
DA:929,0
DA:933,0
DA:936,0
DA:937,0
DA:938,0
DA:939,0
DA:940,0
DA:956,0
DA:957,0
DA:958,0
DA:959,0
DA:960,0
DA:980,0
DA:1032,0
DA:1033,0
DA:1042,0
DA:1049,0
DA:1053,0
DA:1056,0
DA:1057,0
DA:1060,0
DA:1062,0
DA:1065,0
DA:1066,0
DA:1068,0
LF:173
LH:32
end_of_record
TN:VALADATE_TEST
SF:/home/bizarro/Documents/projects/valadate/libvaladate/runner.vala
DA:31,50
DA:36,6
DA:37,6
DA:38,6
DA:42,24
DA:43,24
DA:47,54
DA:48,18
DA:52,6
DA:55,10
DA:56,10
DA:57,10
DA:58,10
DA:59,10
DA:61,0
DA:65,32
DA:68,16
DA:69,16
DA:70,16
DA:71,0
DA:72,16
DA:75,28
DA:79,14
DA:81,14
DA:82,14
DA:83,0
DA:87,54
DA:89,54
DA:90,54
DA:91,54
DA:92,0
DA:95,24
DA:99,12
DA:100,12
DA:101,12
DA:102,12
DA:103,12
DA:105,48
DA:106,12
DA:107,12
DA:108,12
DA:109,0
DA:111,156
DA:112,18
DA:113,18
DA:114,18
DA:115,0
DA:116,18
DA:118,18
DA:120,18
DA:121,0
DA:123,64
DA:125,18
DA:126,18
DA:127,0
DA:129,264
DA:130,246
DA:131,60
DA:132,60
DA:133,432
DA:134,372
DA:135,180
DA:136,36
DA:137,76
DA:139,0
DA:151,372
DA:155,246
DA:158,12
DA:162,8
DA:164,8
DA:166,8
DA:168,8
DA:169,8
DA:171,0
DA:172,0
DA:175,36
DA:176,10
DA:178,8
DA:179,8
LF:79
LH:68
end_of_record
SF:/usr/share/vala-0.30/vapi/glib-2.0.vapi
DA:1282,28
DA:1283,0
DA:1284,14
DA:1285,14
DA:1287,0
DA:1314,24
DA:1315,24
LF:7
LH:5
end_of_record
SF:/home/bizarro/Documents/projects/valadate/libvaladate/runner.c
FN:179,valadate_framework_run_error_quark
FN:184,valadate_framework_text_runner_construct
FN:206,valadate_framework_text_runner_new
FN:213,_g_error_copy0
FN:220,valadate_framework_text_runner_load
FN:322,valadate_framework_text_runner_load_module
FN:396,string_replace
FN:516,valadate_framework_text_runner_load_gir
FN:599,valadate_framework_text_runner_load_method
FN:665,string_to_string
FN:677,block9_data_ref
FN:686,block9_data_unref
FN:706,_g_object_ref0
FN:713,_vala_array_add12
FN:730,block10_data_ref
FN:739,block10_data_unref
FN:759,___________lambda19_
FN:781,____________lambda19__valadate_framework_test_test_method
FN:788,valadate_framework_text_runner_load_tests
FN:1561,valadate_framework_text_runner_get_tests
FN:1591,valadate_framework_text_runner_class_init
FN:1604,valadate_framework_text_runner_valadate_framework_test_runner_interface_init
FN:1611,valadate_framework_text_runner_instance_init
FN:1618,valadate_framework_text_runner_finalize
FN:1639,valadate_framework_text_runner_get_type
FN:1653,_vala_valadate_framework_text_runner_get_property
FN:1669,valadate_framework_main
FN:1819,main
FN:1829,_vala_array_destroy
FN:1841,_vala_array_free
FNDA:0,valadate_framework_run_error_quark
FNDA:18,valadate_framework_text_runner_construct
FNDA:18,valadate_framework_text_runner_new
FNDA:0,_g_error_copy0
FNDA:10,valadate_framework_text_runner_load
FNDA:16,valadate_framework_text_runner_load_module
FNDA:14,string_replace
FNDA:14,valadate_framework_text_runner_load_gir
FNDA:54,valadate_framework_text_runner_load_method
FNDA:24,string_to_string
FNDA:36,block9_data_ref
FNDA:30,block9_data_unref
FNDA:28,_g_object_ref0
FNDA:18,_vala_array_add12
FNDA:36,block10_data_ref
FNDA:36,block10_data_unref
FNDA:20,___________lambda19_
FNDA:20,____________lambda19__valadate_framework_test_test_method
FNDA:12,valadate_framework_text_runner_load_tests
FNDA:24,valadate_framework_text_runner_get_tests
FNDA:10,valadate_framework_text_runner_class_init
FNDA:10,valadate_framework_text_runner_valadate_framework_test_runner_interface_init
FNDA:18,valadate_framework_text_runner_instance_init
FNDA:6,valadate_framework_text_runner_finalize
FNDA:44,valadate_framework_text_runner_get_type
FNDA:0,_vala_valadate_framework_text_runner_get_property
FNDA:8,valadate_framework_main
FNDA:8,main
FNDA:6,_vala_array_destroy
FNDA:6,_vala_array_free
FNF:30
FNH:27
DA:179,0
DA:180,0
DA:184,18
DA:185,18
DA:186,18
DA:187,18
DA:206,18
DA:213,0
DA:220,10
DA:221,10
DA:233,0
DA:250,0
DA:267,0
DA:278,10
DA:281,0
DA:282,0
DA:283,0
DA:297,0
DA:322,16
DA:323,16
DA:324,16
DA:325,16
DA:326,16
DA:327,16
DA:328,16
DA:329,16
DA:330,16
DA:331,16
DA:357,0
DA:358,0
DA:396,14
DA:397,14
DA:398,14
DA:407,14
DA:408,14
DA:409,14
DA:410,14
DA:411,14
DA:412,14
DA:413,14
DA:414,14
DA:415,14
DA:416,14
DA:417,14
DA:437,0
DA:462,0
DA:491,0
DA:516,14
DA:517,14
DA:518,14
DA:519,14
DA:520,14
DA:521,14
DA:522,14
DA:523,14
DA:524,14
DA:525,14
DA:526,14
DA:527,14
DA:528,14
DA:564,0
DA:565,0
DA:599,54
DA:600,54
DA:601,54
DA:602,54
DA:603,54
DA:604,54
DA:605,54
DA:606,54
DA:607,54
DA:608,54
DA:624,54
DA:630,54
DA:665,24
DA:666,24
DA:677,36
DA:686,30
DA:688,30
DA:703,30
DA:706,28
DA:713,18
DA:727,18
DA:730,36
DA:739,36
DA:741,36
DA:756,36
DA:759,20
DA:762,20
DA:763,20
DA:764,20
DA:778,20
DA:781,20
DA:785,20
DA:788,12
DA:789,12
DA:790,12
DA:791,12
DA:792,12
DA:793,12
DA:794,12
DA:795,12
DA:796,12
DA:797,12
DA:798,12
DA:799,12
DA:800,12
DA:801,12
DA:802,12
DA:803,12
DA:804,12
DA:805,12
DA:806,12
DA:807,12
DA:808,12
DA:809,12
DA:810,12
DA:811,12
DA:812,12
DA:813,12
DA:814,12
DA:873,12
DA:874,12
DA:889,12
DA:890,12
DA:905,12
DA:906,12
DA:907,12
DA:921,0
DA:956,12
DA:961,12
DA:968,30
DA:969,30
DA:970,30
DA:971,30
DA:972,30
DA:973,30
DA:974,30
DA:975,30
DA:976,30
DA:977,30
DA:978,30
DA:979,30
DA:980,30
DA:981,30
DA:982,30
DA:983,30
DA:984,30
DA:985,30
DA:986,30
DA:987,30
DA:988,30
DA:989,30
DA:990,30
DA:991,30
DA:992,30
DA:993,30
DA:994,30
DA:995,30
DA:996,30
DA:997,30
DA:998,30
DA:999,30
DA:1009,18
DA:1057,0
DA:1177,0
DA:1246,0
DA:1295,264
DA:1296,264
DA:1297,264
DA:1298,264
DA:1299,264
DA:1315,60
DA:1316,60
DA:1324,60
DA:1325,60
DA:1326,60
DA:1336,432
DA:1337,432
DA:1338,432
DA:1339,432
DA:1340,432
DA:1341,432
DA:1342,432
DA:1366,36
DA:1367,36
DA:1368,36
DA:1369,36
DA:1370,36
DA:1371,36
DA:1372,36
DA:1373,36
DA:1374,36
DA:1375,36
DA:1405,0
DA:1453,36
DA:1456,0
DA:1457,0
DA:1458,0
DA:1472,0
DA:1526,372
DA:1536,246
DA:1544,18
DA:1561,24
DA:1563,24
DA:1564,24
DA:1565,24
DA:1566,24
DA:1591,10
DA:1601,10
DA:1604,10
DA:1608,10
DA:1611,18
DA:1615,18
DA:1618,6
DA:1620,6
DA:1636,6
DA:1639,44
DA:1641,44
DA:1645,10
DA:1646,10
DA:1647,10
DA:1649,44
DA:1653,0
DA:1655,0
DA:1666,0
DA:1669,8
DA:1670,8
DA:1671,8
DA:1672,8
DA:1673,8
DA:1674,8
DA:1675,8
DA:1676,8
DA:1677,8
DA:1678,8
DA:1679,8
DA:1680,8
DA:1681,8
DA:1696,8
DA:1706,0
DA:1719,8
DA:1722,0
DA:1723,0
DA:1724,0
DA:1768,8
DA:1769,8
DA:1770,8
DA:1771,8
DA:1779,10
DA:1780,10
DA:1787,10
DA:1788,10
DA:1789,10
DA:1790,10
DA:1819,8
DA:1829,6
DA:1830,6
DA:1832,0
DA:1833,0
DA:1834,0
DA:1838,6
DA:1841,6
DA:1842,6
DA:1843,6
DA:1844,6
LF:266
LH:230
end_of_record
TN:VALADATE_TEST
SF:/home/bizarro/Documents/projects/valadate/libvaladate/utils/wait.vala
DA:29,0
DA:31,0
DA:32,0
DA:33,0
DA:35,0
DA:37,0
DA:40,0
DA:42,0
DA:44,0
DA:45,0
DA:48,0
DA:51,0
DA:53,0
DA:54,0
DA:81,0
DA:86,0
DA:88,0
DA:90,0
DA:92,0
DA:94,0
DA:96,0
DA:97,0
DA:99,0
DA:101,0
DA:103,0
DA:125,0
DA:127,0
DA:128,0
DA:129,0
DA:130,0
DA:131,0
DA:132,0
DA:161,16
DA:163,4
DA:164,4
DA:166,16
DA:168,4
DA:170,4
DA:171,4
DA:173,4
DA:175,4
DA:176,0
DA:177,4
DA:178,4
DA:211,0
DA:213,0
DA:214,0
DA:215,0
DA:217,0
DA:219,0
DA:220,0
DA:222,0
DA:223,0
DA:225,0
DA:226,0
DA:228,0
DA:229,0
DA:230,0
DA:231,0
DA:232,0
DA:233,0
LF:61
LH:11
end_of_record
SF:/home/bizarro/Documents/projects/valadate/libvaladate/utils/utils/wait.c
FN:134,valadate_utils_signal_waiter_construct
FNDA:0,valadate_utils_signal_waiter_construct
FNF:1
FNH:0
DA:134,0
DA:135,0
DA:136,0
DA:137,0
DA:138,0
LF:5
LH:0
end_of_record
SF:/home/bizarro/Documents/projects/valadate/libvaladate/utils/wait.c
FN:177,valadate_utils_signal_waiter_new
FN:184,valadate_utils_signal_waiter_callback
FN:217,valadate_utils_signal_waiter_abort
FN:234,valadate_utils_value_signal_waiter_init
FN:241,valadate_utils_value_signal_waiter_free_value
FN:251,valadate_utils_value_signal_waiter_copy_value
FN:265,valadate_utils_value_signal_waiter_peek_pointer
FN:272,valadate_utils_value_signal_waiter_collect_value
FN:302,valadate_utils_value_signal_waiter_lcopy_value
FN:331,valadate_utils_param_spec_signal_waiter
FN:345,valadate_utils_value_get_signal_waiter
FN:354,valadate_utils_value_set_signal_waiter
FN:385,valadate_utils_value_take_signal_waiter
FN:414,valadate_utils_signal_waiter_class_init
FN:423,valadate_utils_signal_waiter_instance_init
FN:440,valadate_utils_signal_waiter_finalize
FN:460,valadate_utils_signal_waiter_get_type
FN:474,valadate_utils_signal_waiter_ref
FN:485,valadate_utils_signal_waiter_unref
FN:522,_valadate_utils_signal_waiter_abort_gsource_func
FN:531,valadate_utils_wait_for_condition
FN:672,block6_data_ref
FN:681,block6_data_unref
FN:693,__lambda13_
FN:713,___lambda13__valadate_utils_predicate
FN:722,valadate_utils_wait_for_signal
FN:790,block7_data_ref
FN:799,block7_data_unref
FN:815,_g_object_ref0
FN:822,__lambda4_
FN:844,___lambda4__gasync_ready_callback
FN:851,__lambda5_
FN:866,___lambda5__gsource_func
FN:875,valadate_utils_wait_for_async
FN:1011,block8_data_ref
FN:1020,block8_data_unref
FN:1038,__lambda14_
FN:1060,___lambda14__gasync_ready_callback
FN:1067,__lambda15_
FN:1082,___lambda15__gsource_func
FN:1091,__lambda16_
FN:1106,___lambda16__gsource_func
FN:1115,valadate_utils_wait_for_cancellable_async
FNDA:0,valadate_utils_signal_waiter_new
FNDA:0,valadate_utils_signal_waiter_callback
FNDA:0,valadate_utils_signal_waiter_abort
FNDA:0,valadate_utils_value_signal_waiter_init
FNDA:0,valadate_utils_value_signal_waiter_free_value
FNDA:0,valadate_utils_value_signal_waiter_copy_value
FNDA:0,valadate_utils_value_signal_waiter_peek_pointer
FNDA:0,valadate_utils_value_signal_waiter_collect_value
FNDA:0,valadate_utils_value_signal_waiter_lcopy_value
FNDA:0,valadate_utils_param_spec_signal_waiter
FNDA:0,valadate_utils_value_get_signal_waiter
FNDA:0,valadate_utils_value_set_signal_waiter
FNDA:0,valadate_utils_value_take_signal_waiter
FNDA:0,valadate_utils_signal_waiter_class_init
FNDA:0,valadate_utils_signal_waiter_instance_init
FNDA:0,valadate_utils_signal_waiter_finalize
FNDA:0,valadate_utils_signal_waiter_get_type
FNDA:0,valadate_utils_signal_waiter_ref
FNDA:0,valadate_utils_signal_waiter_unref
FNDA:0,_valadate_utils_signal_waiter_abort_gsource_func
FNDA:0,valadate_utils_wait_for_condition
FNDA:0,block6_data_ref
FNDA:0,block6_data_unref
FNDA:0,__lambda13_
FNDA:0,___lambda13__valadate_utils_predicate
FNDA:0,valadate_utils_wait_for_signal
FNDA:4,block7_data_ref
FNDA:8,block7_data_unref
FNDA:4,_g_object_ref0
FNDA:4,__lambda4_
FNDA:4,___lambda4__gasync_ready_callback
FNDA:0,__lambda5_
FNDA:0,___lambda5__gsource_func
FNDA:4,valadate_utils_wait_for_async
FNDA:0,block8_data_ref
FNDA:0,block8_data_unref
FNDA:0,__lambda14_
FNDA:0,___lambda14__gasync_ready_callback
FNDA:0,__lambda15_
FNDA:0,___lambda15__gsource_func
FNDA:0,__lambda16_
FNDA:0,___lambda16__gsource_func
FNDA:0,valadate_utils_wait_for_cancellable_async
FNF:43
FNH:6
DA:177,0
DA:184,0
DA:185,0
DA:186,0
DA:187,0
DA:188,0
DA:200,0
DA:217,0
DA:218,0
DA:219,0
DA:234,0
DA:238,0
DA:241,0
DA:248,0
DA:251,0
DA:262,0
DA:265,0
DA:272,0
DA:277,0
DA:283,0
DA:302,0
DA:304,0
DA:316,0
DA:331,0
DA:345,0
DA:354,0
DA:385,0
DA:414,0
DA:420,0
DA:423,0
DA:424,0
DA:425,0
DA:437,0
DA:440,0
DA:457,0
DA:460,0
DA:462,0
DA:467,0
DA:468,0
DA:470,0
DA:474,0
DA:476,0
DA:485,0
DA:487,0
DA:496,0
DA:522,0
DA:524,0
DA:531,0
DA:532,0
DA:533,0
DA:534,0
DA:535,0
DA:536,0
DA:537,0
DA:538,0
DA:539,0
DA:540,0
DA:541,0
DA:542,0
DA:543,0
DA:544,0
DA:545,0
DA:546,0
DA:547,0
DA:548,0
DA:549,0
DA:550,0
DA:551,0
DA:552,0
DA:553,0
DA:554,0
DA:555,0
DA:556,0
DA:557,0
DA:611,0
DA:612,0
DA:672,0
DA:681,0
DA:683,0
DA:690,0
DA:693,0
DA:694,0
DA:713,0
DA:715,0
DA:722,0
DA:723,0
DA:725,0
DA:726,0
DA:727,0
DA:728,0
DA:729,0
DA:730,0
DA:790,4
DA:799,8
DA:801,8
DA:812,8
DA:815,4
DA:822,4
DA:823,4
DA:824,4
DA:825,4
DA:844,4
DA:848,4
DA:851,0
DA:852,0
DA:853,0
DA:866,0
DA:868,0
DA:875,4
DA:876,4
DA:878,4
DA:879,4
DA:880,4
DA:881,4
DA:882,4
DA:883,4
DA:884,4
DA:885,4
DA:886,4
DA:887,4
DA:888,4
DA:889,4
DA:890,4
DA:891,4
DA:892,4
DA:924,4
DA:1011,0
DA:1020,0
DA:1022,0
DA:1035,0
DA:1038,0
DA:1039,0
DA:1040,0
DA:1041,0
DA:1060,0
DA:1064,0
DA:1067,0
DA:1068,0
DA:1069,0
DA:1082,0
DA:1084,0
DA:1091,0
DA:1092,0
DA:1093,0
DA:1106,0
DA:1108,0
DA:1115,0
DA:1116,0
DA:1118,0
DA:1119,0
DA:1120,0
DA:1121,0
DA:1122,0
DA:1123,0
DA:1124,0
DA:1125,0
DA:1126,0
DA:1127,0
DA:1128,0
DA:1129,0
DA:1130,0
DA:1131,0
DA:1132,0
DA:1133,0
DA:1134,0
DA:1135,0
DA:1136,0
DA:1137,0
DA:1138,0
DA:1139,0
DA:1140,0
DA:1184,0
LF:172
LH:29
end_of_record
TN:VALADATE_TEST
SF:/home/bizarro/Documents/projects/valadate/libvaladate/utils/tempdir.vala
DA:33,8
DA:35,2
DA:36,2
DA:46,4
DA:55,0
DA:59,2
DA:66,22
DA:75,4
DA:81,20
DA:82,20
DA:98,10
DA:100,20
DA:101,20
DA:102,10
DA:103,348
DA:104,174
DA:105,174
DA:106,10
DA:108,164
DA:109,164
DA:112,10
DA:114,0
DA:118,10
DA:131,2
DA:132,2
DA:133,2
DA:134,2
DA:135,2
DA:137,2
DA:140,0
DA:142,12
DA:157,4
DA:158,4
DA:159,8
DA:160,4
DA:161,4
DA:163,4
DA:164,4
DA:166,0
DA:169,4
DA:185,4
DA:186,4
DA:187,0
DA:188,4
DA:190,8
DA:191,4
DA:192,4
DA:195,4
DA:205,4
DA:206,4
DA:207,4
DA:208,0
DA:210,4
DA:212,4
DA:213,4
DA:214,0
DA:216,0
DA:219,4
DA:229,0
DA:230,0
DA:231,0
DA:235,0
DA:236,0
DA:238,0
DA:240,0
DA:244,0
DA:245,0
DA:247,0
DA:253,2
DA:262,0
DA:263,2
DA:264,2
DA:265,2
DA:267,0
DA:269,0
DA:275,14
DA:276,10
DA:277,14
DA:278,14
DA:282,6
DA:283,6
DA:286,0
DA:287,4
DA:290,16
DA:291,6
DA:294,4
LF:86
LH:64
end_of_record
SF:/usr/share/vala-0.30/vapi/glib-2.0.vapi
DA:1300,2
DA:1301,2
DA:1302,2
DA:1303,2
LF:4
LH:4
end_of_record
SF:/home/bizarro/Documents/projects/valadate/libvaladate/utils/tempdir.c
FN:123,valadate_utils_temp_dir_get_tmp_dir_name
FN:142,valadate_utils_temp_dir_file
FN:181,valadate_utils_temp_dir_contents
FN:362,string_get_data
FN:412,_g_object_ref0
FN:419,valadate_utils_temp_dir_store
FN:563,valadate_utils_temp_dir_copy
FN:729,valadate_utils_temp_dir_shell
FN:980,valadate_utils_temp_dir_delete_recursive
FN:1149,valadate_utils_temp_dir_get_random_name
FN:1168,valadate_utils_temp_dir_make_tmp_dir
FN:1262,valadate_utils_temp_dir_do_copy
FN:1511,valadate_utils_temp_dir_construct
FN:1521,valadate_utils_temp_dir_new
FN:1528,valadate_utils_temp_dir_get_dir
FN:1543,valadate_utils_temp_dir_get_src_dir
FN:1561,valadate_utils_temp_dir_class_init
FN:1605,valadate_utils_temp_dir_instance_init
FN:1617,valadate_utils_temp_dir_finalize
FN:1700,valadate_utils_temp_dir_get_type
FN:1712,_vala_valadate_utils_temp_dir_get_property
FN:1740,_vala_array_destroy
FN:1752,_vala_array_free
FNDA:0,valadate_utils_temp_dir_get_tmp_dir_name
FNDA:20,valadate_utils_temp_dir_file
FNDA:10,valadate_utils_temp_dir_contents
FNDA:2,string_get_data
FNDA:10,_g_object_ref0
FNDA:2,valadate_utils_temp_dir_store
FNDA:4,valadate_utils_temp_dir_copy
FNDA:4,valadate_utils_temp_dir_shell
FNDA:0,valadate_utils_temp_dir_delete_recursive
FNDA:2,valadate_utils_temp_dir_get_random_name
FNDA:2,valadate_utils_temp_dir_make_tmp_dir
FNDA:10,valadate_utils_temp_dir_do_copy
FNDA:2,valadate_utils_temp_dir_construct
FNDA:2,valadate_utils_temp_dir_new
FNDA:22,valadate_utils_temp_dir_get_dir
FNDA:4,valadate_utils_temp_dir_get_src_dir
FNDA:2,valadate_utils_temp_dir_class_init
FNDA:2,valadate_utils_temp_dir_instance_init
FNDA:0,valadate_utils_temp_dir_finalize
FNDA:8,valadate_utils_temp_dir_get_type
FNDA:0,_vala_valadate_utils_temp_dir_get_property
FNDA:4,_vala_array_destroy
FNDA:4,_vala_array_free
FNF:23
FNH:19
DA:123,0
DA:124,0
DA:125,0
DA:126,0
DA:142,20
DA:143,20
DA:144,20
DA:145,20
DA:146,20
DA:147,20
DA:181,10
DA:182,10
DA:183,10
DA:184,10
DA:191,10
DA:192,10
DA:193,10
DA:194,10
DA:195,10
DA:196,10
DA:197,10
DA:198,10
DA:199,10
DA:200,10
DA:201,10
DA:202,10
DA:203,10
DA:221,0
DA:233,10
DA:239,174
DA:240,174
DA:241,174
DA:242,174
DA:243,174
DA:244,174
DA:245,174
DA:267,0
DA:292,164
DA:312,10
DA:315,0
DA:316,0
DA:317,0
DA:362,2
DA:364,2
DA:365,2
DA:366,2
DA:367,2
DA:368,2
DA:369,2
DA:370,2
DA:371,2
DA:372,2
DA:373,2
DA:412,10
DA:419,2
DA:420,2
DA:421,2
DA:422,2
DA:423,2
DA:424,2
DA:425,2
DA:440,2
DA:441,2
DA:442,2
DA:443,2
DA:444,2
DA:445,2
DA:447,2
DA:448,2
DA:449,2
DA:465,2
DA:467,0
DA:470,0
DA:473,2
DA:486,0
DA:503,0
DA:506,2
DA:509,0
DA:510,0
DA:511,0
DA:563,4
DA:564,4
DA:565,4
DA:566,4
DA:567,4
DA:568,4
DA:569,4
DA:584,4
DA:585,4
DA:586,4
DA:587,4
DA:588,4
DA:589,4
DA:590,4
DA:591,4
DA:592,4
DA:594,4
DA:595,4
DA:596,4
DA:612,4
DA:614,0
DA:617,0
DA:620,4
DA:633,0
DA:662,0
DA:668,4
DA:671,0
DA:672,0
DA:673,0
DA:674,0
DA:729,4
DA:730,4
DA:731,4
DA:732,4
DA:733,4
DA:734,4
DA:735,4
DA:750,4
DA:758,0
DA:761,4
DA:764,0
DA:787,4
DA:788,4
DA:789,4
DA:790,4
DA:791,4
DA:792,4
DA:793,4
DA:794,4
DA:795,4
DA:796,4
DA:797,4
DA:798,4
DA:799,4
DA:800,4
DA:801,4
DA:802,4
DA:803,4
DA:804,4
DA:805,4
DA:806,4
DA:807,4
DA:808,4
DA:809,4
DA:810,4
DA:811,4
DA:812,4
DA:813,4
DA:814,4
DA:815,4
DA:867,0
DA:888,0
DA:895,0
DA:911,0
DA:929,4
DA:932,0
DA:933,0
DA:934,0
DA:980,0
DA:981,0
DA:982,0
DA:987,0
DA:988,0
DA:989,0
DA:990,0
DA:991,0
DA:1003,0
DA:1005,0
DA:1010,0
DA:1011,0
DA:1012,0
DA:1013,0
DA:1014,0
DA:1015,0
DA:1016,0
DA:1017,0
DA:1018,0
DA:1019,0
DA:1035,0
DA:1037,0
DA:1082,0
DA:1084,0
DA:1089,0
DA:1103,0
DA:1105,0
DA:1113,0
DA:1116,0
DA:1149,2
DA:1150,2
DA:1151,2
DA:1152,2
DA:1153,2
DA:1168,2
DA:1169,2
DA:1170,2
DA:1171,2
DA:1176,2
DA:1177,2
DA:1178,2
DA:1179,2
DA:1201,0
DA:1203,0
DA:1214,0
DA:1228,0
DA:1229,0
DA:1230,0
DA:1255,0
DA:1262,10
DA:1263,10
DA:1264,10
DA:1265,10
DA:1266,10
DA:1277,10
DA:1278,10
DA:1279,10
DA:1280,10
DA:1292,6
DA:1294,0
DA:1308,4
DA:1311,6
DA:1312,6
DA:1313,6
DA:1329,0
DA:1351,4
DA:1361,0
DA:1363,0
DA:1366,4
DA:1369,0
DA:1392,10
DA:1393,10
DA:1394,10
DA:1395,10
DA:1396,10
DA:1397,10
DA:1398,10
DA:1399,10
DA:1400,10
DA:1401,10
DA:1402,10
DA:1403,10
DA:1404,10
DA:1405,10
DA:1406,10
DA:1486,6
DA:1511,2
DA:1512,2
DA:1521,2
DA:1528,22
DA:1530,22
DA:1543,4
DA:1545,4
DA:1546,4
DA:1561,2
DA:1562,2
DA:1563,2
DA:1564,2
DA:1602,2
DA:1605,2
DA:1606,2
DA:1614,2
DA:1617,0
DA:1619,0
DA:1624,0
DA:1625,0
DA:1635,0
DA:1638,0
DA:1641,0
DA:1642,0
DA:1643,0
DA:1644,0
DA:1645,0
DA:1646,0
DA:1647,0
DA:1686,0
DA:1700,8
DA:1702,8
DA:1705,2
DA:1706,2
DA:1708,8
DA:1712,0
DA:1714,0
DA:1737,0
DA:1740,4
DA:1741,4
DA:1743,12
DA:1744,8
DA:1745,8
DA:1749,4
DA:1752,4
DA:1753,4
DA:1754,4
DA:1755,4
LF:292
LH:201
end_of_record
SF:/home/bizarro/Documents/projects/valadate/libvaladate/utils/utils/tempdir.c
FN:102,valadate_utils_temp_dir_get_orig_dir_name
FNDA:4,valadate_utils_temp_dir_get_orig_dir_name
FNF:1
FNH:1
DA:102,4
DA:103,4
DA:104,4
DA:105,4
LF:4
LH:4
end_of_record
TN:VALADATE_TEST
SF:/home/bizarro/Documents/projects/valadate/libvaladate/utils/signalwaiter.vala
DA:23,240
DA:24,40
DA:25,30
DA:26,22
DA:27,10
DA:28,54
DA:30,10
DA:31,10
DA:32,10
DA:33,10
DA:36,22
DA:37,22
DA:38,22
DA:41,22
DA:42,22
DA:60,32
DA:61,28
DA:62,6
DA:63,6
DA:74,20
DA:76,10
DA:77,20
DA:78,10
DA:79,10
DA:80,6
DA:82,64
DA:95,14
DA:97,14
DA:98,14
DA:100,72
DA:101,22
DA:103,14
DA:105,14
DA:107,28
DA:108,14
DA:109,14
DA:112,14
DA:114,22
DA:115,8
DA:117,14
DA:118,72
DA:119,22
DA:120,22
DA:121,12
DA:124,14
LF:45
LH:45
end_of_record
SF:/home/bizarro/Documents/projects/valadate/libvaladate/utils/signalwaiter.c
FN:167,valadate_utils_signal_wrapper_setup
FN:187,valadate_utils_signal_wrapper_release
FN:202,valadate_utils_signal_wrapper_construct
FN:212,valadate_utils_signal_wrapper_new
FN:219,valadate_utils_signal_wrapper_get_emitter
FN:234,_g_object_ref0
FN:241,valadate_utils_signal_wrapper_set_emitter
FN:258,valadate_utils_signal_wrapper_get_signame
FN:273,valadate_utils_signal_wrapper_set_signame
FN:290,valadate_utils_signal_wrapper_get_id
FN:305,valadate_utils_signal_wrapper_set_id
FN:317,valadate_utils_signal_wrapper_get_timeout
FN:332,valadate_utils_signal_wrapper_set_timeout
FN:344,valadate_utils_signal_wrapper_get_catch_count
FN:359,valadate_utils_signal_wrapper_set_catch_count
FN:371,valadate_utils_value_signal_wrapper_init
FN:378,valadate_utils_value_signal_wrapper_free_value
FN:388,valadate_utils_value_signal_wrapper_copy_value
FN:402,valadate_utils_value_signal_wrapper_peek_pointer
FN:409,valadate_utils_value_signal_wrapper_collect_value
FN:439,valadate_utils_value_signal_wrapper_lcopy_value
FN:468,valadate_utils_param_spec_signal_wrapper
FN:482,valadate_utils_value_get_signal_wrapper
FN:491,valadate_utils_value_set_signal_wrapper
FN:522,valadate_utils_value_take_signal_wrapper
FN:551,valadate_utils_signal_wrapper_class_init
FN:564,valadate_utils_signal_wrapper_instance_init
FN:578,valadate_utils_signal_wrapper_finalize
FN:592,valadate_utils_signal_wrapper_get_type
FN:606,valadate_utils_signal_wrapper_ref
FN:617,valadate_utils_signal_wrapper_unref
FN:631,_valadate_utils_signal_wrapper_unref0_
FN:638,_g_list_free__valadate_utils_signal_wrapper_unref0_
FN:656,__lambda17_
FN:684,___lambda17__valadate_utils_signal_wrapper_triggered
FN:691,_valadate_utils_signal_wrapper_ref0
FN:698,valadate_utils_multi_signal_waiter_add_signal
FN:755,__lambda18_
FN:770,___lambda18__gsource_func
FN:779,valadate_utils_multi_signal_waiter_run
FN:940,valadate_utils_multi_signal_waiter_construct
FN:950,valadate_utils_multi_signal_waiter_new
FN:957,valadate_utils_multi_signal_waiter_class_init
FN:968,valadate_utils_multi_signal_waiter_instance_init
FN:979,valadate_utils_multi_signal_waiter_finalize
FN:1005,valadate_utils_multi_signal_waiter_get_type
FNDA:22,valadate_utils_signal_wrapper_setup
FNDA:22,valadate_utils_signal_wrapper_release
FNDA:10,valadate_utils_signal_wrapper_construct
FNDA:10,valadate_utils_signal_wrapper_new
FNDA:0,valadate_utils_signal_wrapper_get_emitter
FNDA:20,_g_object_ref0
FNDA:10,valadate_utils_signal_wrapper_set_emitter
FNDA:0,valadate_utils_signal_wrapper_get_signame
FNDA:10,valadate_utils_signal_wrapper_set_signame
FNDA:0,valadate_utils_signal_wrapper_get_id
FNDA:22,valadate_utils_signal_wrapper_set_id
FNDA:0,valadate_utils_signal_wrapper_get_timeout
FNDA:10,valadate_utils_signal_wrapper_set_timeout
FNDA:22,valadate_utils_signal_wrapper_get_catch_count
FNDA:32,valadate_utils_signal_wrapper_set_catch_count
FNDA:10,valadate_utils_value_signal_wrapper_init
FNDA:10,valadate_utils_value_signal_wrapper_free_value
FNDA:0,valadate_utils_value_signal_wrapper_copy_value
FNDA:10,valadate_utils_value_signal_wrapper_peek_pointer
FNDA:10,valadate_utils_value_signal_wrapper_collect_value
FNDA:0,valadate_utils_value_signal_wrapper_lcopy_value
FNDA:0,valadate_utils_param_spec_signal_wrapper
FNDA:0,valadate_utils_value_get_signal_wrapper
FNDA:0,valadate_utils_value_set_signal_wrapper
FNDA:0,valadate_utils_value_take_signal_wrapper
FNDA:2,valadate_utils_signal_wrapper_class_init
FNDA:10,valadate_utils_signal_wrapper_instance_init
FNDA:10,valadate_utils_signal_wrapper_finalize
FNDA:32,valadate_utils_signal_wrapper_get_type
FNDA:64,valadate_utils_signal_wrapper_ref
FNDA:74,valadate_utils_signal_wrapper_unref
FNDA:10,_valadate_utils_signal_wrapper_unref0_
FNDA:6,_g_list_free__valadate_utils_signal_wrapper_unref0_
FNDA:10,__lambda17_
FNDA:10,___lambda17__valadate_utils_signal_wrapper_triggered
FNDA:54,_valadate_utils_signal_wrapper_ref0
FNDA:10,valadate_utils_multi_signal_waiter_add_signal
FNDA:14,__lambda18_
FNDA:14,___lambda18__gsource_func
FNDA:14,valadate_utils_multi_signal_waiter_run
FNDA:6,valadate_utils_multi_signal_waiter_construct
FNDA:6,valadate_utils_multi_signal_waiter_new
FNDA:2,valadate_utils_multi_signal_waiter_class_init
FNDA:6,valadate_utils_multi_signal_waiter_instance_init
FNDA:6,valadate_utils_multi_signal_waiter_finalize
FNDA:18,valadate_utils_multi_signal_waiter_get_type
FNF:46
FNH:36
DA:167,22
DA:168,22
DA:169,22
DA:170,22
DA:187,22
DA:188,22
DA:189,22
DA:202,10
DA:203,10
DA:212,10
DA:219,0
DA:221,0
DA:234,20
DA:241,10
DA:242,10
DA:243,10
DA:258,0
DA:260,0
DA:273,10
DA:274,10
DA:275,10
DA:290,0
DA:292,0
DA:305,22
DA:306,22
DA:317,0
DA:319,0
DA:332,10
DA:333,10
DA:344,22
DA:346,22
DA:359,32
DA:360,32
DA:371,10
DA:375,10
DA:378,10
DA:385,10
DA:388,0
DA:399,0
DA:402,10
DA:409,10
DA:414,10
DA:420,10
DA:439,0
DA:441,0
DA:453,0
DA:468,0
DA:482,0
DA:491,0
DA:522,0
DA:551,2
DA:561,2
DA:564,10
DA:565,10
DA:575,10
DA:578,10
DA:589,10
DA:592,32
DA:594,32
DA:599,2
DA:600,2
DA:602,32
DA:606,64
DA:608,64
DA:617,74
DA:619,74
DA:628,74
DA:631,10
DA:635,10
DA:638,6
DA:644,6
DA:656,10
DA:657,10
DA:658,10
DA:659,10
DA:660,10
DA:674,6
DA:681,10
DA:684,10
DA:688,10
DA:691,54
DA:698,10
DA:699,10
DA:700,10
DA:701,10
DA:702,10
DA:703,10
DA:704,10
DA:705,10
DA:706,10
DA:755,14
DA:756,14
DA:757,14
DA:770,14
DA:772,14
DA:779,14
DA:780,14
DA:781,14
DA:782,14
DA:783,14
DA:784,14
DA:785,14
DA:786,14
DA:787,14
DA:788,14
DA:789,14
DA:790,14
DA:791,14
DA:792,14
DA:793,14
DA:794,14
DA:811,14
DA:812,14
DA:818,22
DA:819,22
DA:826,22
DA:864,22
DA:865,22
DA:866,22
DA:882,8
DA:889,14
DA:890,14
DA:896,22
DA:897,22
DA:904,22
DA:905,22
DA:906,22
DA:907,22
DA:940,6
DA:941,6
DA:950,6
DA:957,2
DA:965,2
DA:968,6
DA:976,6
DA:979,6
DA:990,6
DA:1005,18
DA:1007,18
DA:1010,2
DA:1011,2
DA:1013,18
LF:142
LH:125
end_of_record
SF:/home/bizarro/Documents/projects/valadate/libvaladate/utils/utils/signalwaiter.c
FN:148,valadate_utils_signal_wrapper_callback
FNDA:10,valadate_utils_signal_wrapper_callback
FNF:1
FNH:1
DA:148,10
DA:149,10
DA:150,10
LF:3
LH:3
end_of_record
TN:VALADATE_TEST
SF:/home/bizarro/Documents/projects/valadate/libvaladate/framework/test.vala
DA:25,28
DA:31,0
LF:2
LH:1
end_of_record
SF:/home/bizarro/Documents/projects/valadate/libvaladate/framework/framework/test.c
FN:63,valadate_framework_test_run
FNDA:0,valadate_framework_test_run
FNF:1
FNH:0
DA:63,0
LF:1
LH:0
end_of_record
SF:/home/bizarro/Documents/projects/valadate/libvaladate/framework/test.c
FN:72,valadate_framework_test_base_init
FN:88,valadate_framework_test_get_type
FNDA:28,valadate_framework_test_base_init
FNDA:16,valadate_framework_test_get_type
FNF:2
FNH:2
DA:72,28
DA:81,28
DA:88,16
DA:90,16
DA:93,14
DA:94,14
DA:95,14
DA:97,16
LF:8
LH:8
end_of_record
TN:VALADATE_TEST
SF:/home/bizarro/Documents/projects/valadate/libvaladate/framework/testfixture.vala
DA:21,28
DA:23,0
DA:25,0
LF:3
LH:1
end_of_record
SF:/home/bizarro/Documents/projects/valadate/libvaladate/framework/framework/testfixture.c
FN:47,valadate_framework_test_fixture_set_up
FNDA:0,valadate_framework_test_fixture_set_up
FNF:1
FNH:0
DA:47,0
LF:1
LH:0
end_of_record
SF:/home/bizarro/Documents/projects/valadate/libvaladate/framework/testfixture.c
FN:56,valadate_framework_test_fixture_tear_down
FN:65,valadate_framework_test_fixture_base_init
FN:77,valadate_framework_test_fixture_get_type
FNDA:0,valadate_framework_test_fixture_tear_down
FNDA:28,valadate_framework_test_fixture_base_init
FNDA:14,valadate_framework_test_fixture_get_type
FNF:3
FNH:2
DA:56,0
DA:65,28
DA:74,28
DA:77,14
DA:79,14
DA:82,14
DA:83,14
DA:84,14
DA:86,14
LF:9
LH:8
end_of_record
TN:VALADATE_TEST
SF:/home/bizarro/Documents/projects/valadate/libvaladate/framework/testresult.vala
DA:37,0
DA:39,0
DA:40,0
DA:41,0
DA:43,0
DA:47,0
LF:6
LH:0
end_of_record
SF:/home/bizarro/Documents/projects/valadate/libvaladate/framework/framework/testresult.c
FN:92,valadate_framework_test_result_add_error
FNDA:0,valadate_framework_test_result_add_error
FNF:1
FNH:0
DA:92,0
LF:1
LH:0
end_of_record
SF:/home/bizarro/Documents/projects/valadate/libvaladate/framework/testresult.c
FN:101,valadate_framework_test_result_add_failure
FN:110,valadate_framework_test_result_construct
FN:120,valadate_framework_test_result_new
FN:127,valadate_framework_test_result_get_error_count
FN:142,valadate_framework_test_result_set_error_count
FN:156,valadate_framework_test_result_get_failure_count
FN:171,valadate_framework_test_result_set_failure_count
FN:185,valadate_framework_test_result_get_run_count
FN:200,valadate_framework_test_result_set_run_count
FN:214,valadate_framework_test_result_class_init
FN:235,valadate_framework_test_result_instance_init
FN:242,valadate_framework_test_result_finalize
FN:268,valadate_framework_test_result_get_type
FN:280,_vala_valadate_framework_test_result_get_property
FN:314,_vala_valadate_framework_test_result_set_property
FNDA:0,valadate_framework_test_result_add_failure
FNDA:0,valadate_framework_test_result_construct
FNDA:0,valadate_framework_test_result_new
FNDA:0,valadate_framework_test_result_get_error_count
FNDA:0,valadate_framework_test_result_set_error_count
FNDA:0,valadate_framework_test_result_get_failure_count
FNDA:0,valadate_framework_test_result_set_failure_count
FNDA:0,valadate_framework_test_result_get_run_count
FNDA:0,valadate_framework_test_result_set_run_count
FNDA:0,valadate_framework_test_result_class_init
FNDA:0,valadate_framework_test_result_instance_init
FNDA:0,valadate_framework_test_result_finalize
FNDA:0,valadate_framework_test_result_get_type
FNDA:0,_vala_valadate_framework_test_result_get_property
FNDA:0,_vala_valadate_framework_test_result_set_property
FNF:15
FNH:0
DA:101,0
DA:110,0
DA:111,0
DA:120,0
DA:127,0
DA:129,0
DA:142,0
DA:143,0
DA:156,0
DA:158,0
DA:171,0
DA:172,0
DA:185,0
DA:187,0
DA:200,0
DA:201,0
DA:214,0
DA:232,0
DA:235,0
DA:239,0
DA:242,0
DA:249,0
DA:268,0
DA:270,0
DA:273,0
DA:274,0
DA:276,0
DA:280,0
DA:282,0
DA:311,0
DA:314,0
DA:316,0
DA:345,0
LF:33
LH:0
end_of_record
TN:VALADATE_TEST
SF:/home/bizarro/Documents/projects/valadate/libvaladate/framework/testsuite.vala
DA:32,0
DA:34,0
DA:36,0
LF:3
LH:0
end_of_record
SF:/home/bizarro/Documents/projects/valadate/libvaladate/framework/framework/testsuite.c
FN:88,valadate_framework_test_suite_real_add_test
FNDA:0,valadate_framework_test_suite_real_add_test
FNF:1
FNH:0
DA:88,0
LF:1
LH:0
end_of_record
SF:/home/bizarro/Documents/projects/valadate/libvaladate/framework/testsuite.c
FN:97,valadate_framework_test_suite_add_test
FN:106,valadate_framework_test_suite_real_run
FN:110,valadate_framework_test_suite_run
FN:119,valadate_framework_test_suite_construct
FN:129,valadate_framework_test_suite_class_init
FN:140,valadate_framework_test_suite_valadate_framework_test_interface_init
FN:149,valadate_framework_test_suite_instance_init
FN:164,valadate_framework_test_suite_get_type
FNDA:0,valadate_framework_test_suite_add_test
FNDA:0,valadate_framework_test_suite_real_run
FNDA:0,valadate_framework_test_suite_run
FNDA:0,valadate_framework_test_suite_construct
FNDA:0,valadate_framework_test_suite_class_init
FNDA:0,valadate_framework_test_suite_valadate_framework_test_interface_init
FNDA:0,valadate_framework_test_suite_instance_init
FNDA:0,valadate_framework_test_suite_get_type
FNF:8
FNH:0
DA:97,0
DA:106,0
DA:107,0
DA:110,0
DA:119,0
DA:120,0
DA:129,0
DA:137,0
DA:140,0
DA:146,0
DA:149,0
DA:150,0
DA:164,0
DA:166,0
DA:170,0
DA:171,0
DA:172,0
DA:174,0
LF:18
LH:0
end_of_record
TN:VALADATE_TEST
SF:/home/bizarro/Documents/projects/valadate/libvaladate/framework/testcase.vala
DA:54,122
DA:56,60
DA:58,48
DA:60,40
DA:62,76
DA:63,38
DA:64,38
DA:75,144
DA:78,72
DA:79,220
DA:81,246
DA:88,8
DA:94,4
DA:95,4
DA:96,4
DA:97,4
DA:98,4
DA:99,8
DA:101,4
DA:115,0
DA:117,0
DA:119,58
DA:121,58
DA:123,318
DA:125,152
DA:126,4
DA:128,0
DA:129,0
DA:131,76
DA:135,228
DA:138,76
DA:139,76
DA:140,152
DA:143,58
DA:144,58
DA:145,58
DA:146,58
DA:150,0
DA:151,0
DA:153,0
DA:156,0
DA:159,0
DA:163,0
DA:166,0
DA:170,0
DA:174,58
DA:175,58
DA:176,0
DA:177,8
DA:180,0
DA:181,0
DA:184,54
DA:189,58
DA:190,58
LF:54
LH:39
end_of_record
SF:/usr/share/vala-0.30/vapi/glib-2.0.vapi
DA:1278,72
DA:1279,72
DA:1314,0
DA:1315,0
LF:4
LH:2
end_of_record
SF:/home/bizarro/Documents/projects/valadate/libvaladate/framework/framework/testcase.c
FN:229,string_contains
FNDA:72,string_contains
FNF:1
FNH:1
DA:229,72
DA:230,72
DA:231,72
DA:232,72
LF:4
LH:4
end_of_record
SF:/home/bizarro/Documents/projects/valadate/libvaladate/framework/testcase.c
FN:249,_valadate_framework_test_case_adaptor_ref0
FN:256,_vala_array_add1
FN:273,_valadate_framework_test_case_adaptor_set_up_gtest_fixture_func
FN:280,_valadate_framework_test_case_adaptor_run_gtest_fixture_func
FN:287,_valadate_framework_test_case_adaptor_tear_down_gtest_fixture_func
FN:294,valadate_framework_test_case_add_test
FN:366,__lambda6_
FN:370,___lambda6__valadate_framework_test_test_method
FN:377,_vala_array_add2
FN:394,valadate_framework_test_case_add_async_test
FN:471,valadate_framework_test_case_real_run
FN:475,valadate_framework_test_case_run
FN:484,valadate_framework_test_case_real_run_test
FN:488,valadate_framework_test_case_run_test
FN:497,valadate_framework_test_case_real_set_up
FN:501,valadate_framework_test_case_set_up
FN:510,valadate_framework_test_case_real_tear_down
FN:514,valadate_framework_test_case_tear_down
FN:523,valadate_framework_test_case_construct
FN:533,valadate_framework_test_case_get_suite
FN:548,valadate_framework_test_case_set_suite
FN:562,valadate_framework_test_case_get_name
FN:577,valadate_framework_test_case_set_name
FN:596,valadate_framework_test_case_constructor
FN:628,_g_object_ref0
FN:635,valadate_framework_test_case_adaptor_construct
FN:697,valadate_framework_test_case_adaptor_new
FN:704,_valadate_framework_test_case_adaptor_printerr_func_stack_trace_gprint_func
FN:711,_valadate_framework_test_case_adaptor_log_func_stack_trace_glog_func
FN:718,valadate_framework_test_case_adaptor_set_up
FN:734,valadate_framework_test_case_adaptor_printerr_func_stack_trace
FN:778,valadate_framework_test_case_adaptor_log_func_stack_trace
FN:812,string_to_string
FN:824,valadate_framework_test_case_adaptor_run
FN:923,valadate_framework_test_case_adaptor_tear_down
FN:935,valadate_framework_test_case_adaptor_get_name
FN:950,valadate_framework_test_case_adaptor_set_name
FN:967,valadate_framework_test_case_adaptor_get_async_timeout
FN:982,valadate_framework_test_case_adaptor_set_async_timeout
FN:994,valadate_framework_test_case_value_adaptor_init
FN:1001,valadate_framework_test_case_value_adaptor_free_value
FN:1011,valadate_framework_test_case_value_adaptor_copy_value
FN:1025,valadate_framework_test_case_value_adaptor_peek_pointer
FN:1032,valadate_framework_test_case_value_adaptor_collect_value
FN:1062,valadate_framework_test_case_value_adaptor_lcopy_value
FN:1091,valadate_framework_test_case_param_spec_adaptor
FN:1105,valadate_framework_test_case_value_get_adaptor
FN:1114,valadate_framework_test_case_value_set_adaptor
FN:1145,valadate_framework_test_case_value_take_adaptor
FN:1174,valadate_framework_test_case_adaptor_class_init
FN:1185,valadate_framework_test_case_adaptor_instance_init
FN:1196,valadate_framework_test_case_adaptor_finalize
FN:1218,valadate_framework_test_case_adaptor_get_type
FN:1232,valadate_framework_test_case_adaptor_ref
FN:1243,valadate_framework_test_case_adaptor_unref
FN:1257,valadate_framework_test_case_class_init
FN:1286,valadate_framework_test_case_valadate_framework_test_interface_init
FN:1295,valadate_framework_test_case_valadate_framework_test_fixture_interface_init
FN:1306,valadate_framework_test_case_instance_init
FN:1322,valadate_framework_test_case_finalize
FN:1362,valadate_framework_test_case_get_type
FN:1378,_vala_valadate_framework_test_case_get_property
FN:1406,_vala_valadate_framework_test_case_set_property
FN:1434,_vala_array_destroy
FN:1446,_vala_array_free
FNDA:76,_valadate_framework_test_case_adaptor_ref0
FNDA:72,_vala_array_add1
FNDA:58,_valadate_framework_test_case_adaptor_set_up_gtest_fixture_func
FNDA:58,_valadate_framework_test_case_adaptor_run_gtest_fixture_func
FNDA:58,_valadate_framework_test_case_adaptor_tear_down_gtest_fixture_func
FNDA:72,valadate_framework_test_case_add_test
FNDA:0,__lambda6_
FNDA:0,___lambda6__valadate_framework_test_test_method
FNDA:4,_vala_array_add2
FNDA:4,valadate_framework_test_case_add_async_test
FNDA:0,valadate_framework_test_case_real_run
FNDA:0,valadate_framework_test_case_run
FNDA:0,valadate_framework_test_case_real_run_test
FNDA:0,valadate_framework_test_case_run_test
FNDA:42,valadate_framework_test_case_real_set_up
FNDA:58,valadate_framework_test_case_set_up
FNDA:58,valadate_framework_test_case_real_tear_down
FNDA:58,valadate_framework_test_case_tear_down
FNDA:38,valadate_framework_test_case_construct
FNDA:22,valadate_framework_test_case_get_suite
FNDA:38,valadate_framework_test_case_set_suite
FNDA:8,valadate_framework_test_case_get_name
FNDA:38,valadate_framework_test_case_set_name
FNDA:38,valadate_framework_test_case_constructor
FNDA:76,_g_object_ref0
FNDA:76,valadate_framework_test_case_adaptor_construct
FNDA:76,valadate_framework_test_case_adaptor_new
FNDA:0,_valadate_framework_test_case_adaptor_printerr_func_stack_trace_gprint_func
FNDA:0,_valadate_framework_test_case_adaptor_log_func_stack_trace_glog_func
FNDA:58,valadate_framework_test_case_adaptor_set_up
FNDA:0,valadate_framework_test_case_adaptor_printerr_func_stack_trace
FNDA:0,valadate_framework_test_case_adaptor_log_func_stack_trace
FNDA:0,string_to_string
FNDA:58,valadate_framework_test_case_adaptor_run
FNDA:58,valadate_framework_test_case_adaptor_tear_down
FNDA:76,valadate_framework_test_case_adaptor_get_name
FNDA:76,valadate_framework_test_case_adaptor_set_name
FNDA:0,valadate_framework_test_case_adaptor_get_async_timeout
FNDA:4,valadate_framework_test_case_adaptor_set_async_timeout
FNDA:0,valadate_framework_test_case_value_adaptor_init
FNDA:0,valadate_framework_test_case_value_adaptor_free_value
FNDA:0,valadate_framework_test_case_value_adaptor_copy_value
FNDA:0,valadate_framework_test_case_value_adaptor_peek_pointer
FNDA:0,valadate_framework_test_case_value_adaptor_collect_value
FNDA:0,valadate_framework_test_case_value_adaptor_lcopy_value
FNDA:0,valadate_framework_test_case_param_spec_adaptor
FNDA:0,valadate_framework_test_case_value_get_adaptor
FNDA:0,valadate_framework_test_case_value_set_adaptor
FNDA:0,valadate_framework_test_case_value_take_adaptor
FNDA:14,valadate_framework_test_case_adaptor_class_init
FNDA:76,valadate_framework_test_case_adaptor_instance_init
FNDA:0,valadate_framework_test_case_adaptor_finalize
FNDA:152,valadate_framework_test_case_adaptor_get_type
FNDA:76,valadate_framework_test_case_adaptor_ref
FNDA:76,valadate_framework_test_case_adaptor_unref
FNDA:14,valadate_framework_test_case_class_init
FNDA:14,valadate_framework_test_case_valadate_framework_test_interface_init
FNDA:14,valadate_framework_test_case_valadate_framework_test_fixture_interface_init
FNDA:38,valadate_framework_test_case_instance_init
FNDA:2,valadate_framework_test_case_finalize
FNDA:160,valadate_framework_test_case_get_type
FNDA:0,_vala_valadate_framework_test_case_get_property
FNDA:0,_vala_valadate_framework_test_case_set_property
FNDA:2,_vala_array_destroy
FNDA:2,_vala_array_free
FNF:65
FNH:40
DA:249,76
DA:256,72
DA:270,72
DA:273,58
DA:277,58
DA:280,58
DA:284,58
DA:287,58
DA:291,58
DA:294,72
DA:295,72
DA:296,72
DA:297,72
DA:298,72
DA:299,72
DA:300,72
DA:301,72
DA:302,72
DA:303,72
DA:304,72
DA:305,72
DA:306,72
DA:307,72
DA:308,72
DA:309,72
DA:366,0
DA:367,0
DA:370,0
DA:374,0
DA:377,4
DA:391,4
DA:394,4
DA:395,4
DA:396,4
DA:397,4
DA:398,4
DA:399,4
DA:400,4
DA:401,4
DA:402,4
DA:403,4
DA:404,4
DA:405,4
DA:406,4
DA:407,4
DA:408,4
DA:409,4
DA:471,0
DA:472,0
DA:475,0
DA:484,0
DA:485,0
DA:488,0
DA:497,42
DA:498,42
DA:501,58
DA:510,58
DA:511,58
DA:514,58
DA:523,38
DA:524,38
DA:533,22
DA:535,22
DA:548,38
DA:549,38
DA:562,8
DA:564,8
DA:577,38
DA:578,38
DA:579,38
DA:596,38
DA:600,38
DA:601,38
DA:602,38
DA:603,38
DA:628,76
DA:635,76
DA:636,76
DA:637,76
DA:638,76
DA:639,76
DA:640,76
DA:641,76
DA:642,76
DA:697,76
DA:704,0
DA:708,0
DA:711,0
DA:715,0
DA:718,58
DA:719,58
DA:734,0
DA:735,0
DA:736,0
DA:737,0
DA:738,0
DA:747,0
DA:748,0
DA:749,0
DA:778,0
DA:779,0
DA:780,0
DA:781,0
DA:782,0
DA:783,0
DA:784,0
DA:812,0
DA:813,0
DA:824,58
DA:825,58
DA:826,58
DA:835,4
DA:836,4
DA:837,4
DA:838,4
DA:839,4
DA:840,4
DA:841,4
DA:859,0
DA:865,4
DA:868,0
DA:869,0
DA:870,0
DA:871,0
DA:872,0
DA:873,0
DA:910,54
DA:911,54
DA:923,58
DA:924,58
DA:935,76
DA:937,76
DA:950,76
DA:951,76
DA:952,76
DA:967,0
DA:969,0
DA:982,4
DA:983,4
DA:994,0
DA:998,0
DA:1001,0
DA:1008,0
DA:1011,0
DA:1022,0
DA:1025,0
DA:1032,0
DA:1037,0
DA:1043,0
DA:1062,0
DA:1064,0
DA:1076,0
DA:1091,0
DA:1105,0
DA:1114,0
DA:1145,0
DA:1174,14
DA:1182,14
DA:1185,76
DA:1193,76
DA:1196,0
DA:1215,0
DA:1218,152
DA:1220,152
DA:1225,14
DA:1226,14
DA:1228,152
DA:1232,76
DA:1234,76
DA:1243,76
DA:1245,76
DA:1254,76
DA:1257,14
DA:1283,14
DA:1286,14
DA:1292,14
DA:1295,14
DA:1303,14
DA:1306,38
DA:1307,38
DA:1319,38
DA:1322,2
DA:1333,2
DA:1362,160
DA:1364,160
DA:1369,14
DA:1370,14
DA:1371,14
DA:1372,14
DA:1374,160
DA:1378,0
DA:1380,0
DA:1403,0
DA:1406,0
DA:1408,0
DA:1431,0
DA:1434,2
DA:1435,2
DA:1437,2
DA:1438,0
DA:1439,0
DA:1443,2
DA:1446,2
DA:1447,2
DA:1448,2
DA:1449,2
LF:206
LH:139
end_of_record
TN:VALADATE_TEST
SF:/home/bizarro/Documents/projects/valadate/libvaladate/framework/testrunner.vala
DA:21,20
LF:1
LH:1
end_of_record
SF:/home/bizarro/Documents/projects/valadate/libvaladate/framework/framework/testrunner.c
FNDA:20,valadate_framework_test_runner_base_init
FNF:1
FNH:1
DA:43,20
LF:1
LH:1
end_of_record
SF:/home/bizarro/Documents/projects/valadate/libvaladate/framework/testrunner.c
FN:55,valadate_framework_test_runner_get_type
FNDA:10,valadate_framework_test_runner_get_type
FNF:1
FNH:1
DA:52,20
DA:55,10
DA:57,10
DA:60,10
DA:61,10
DA:62,10
DA:64,10
LF:7
LH:7
end_of_record
TN:VALADATE_TEST
SF:/home/bizarro/Documents/projects/valadate/libvaladate/data/resources.c
FN:935,valadate_get_resource
FN:1049,resource_constructor
FN:1054,resource_destructor
FNDA:0,valadate_get_resource
FNDA:14,resource_constructor
FNDA:14,resource_destructor
FNF:3
FNH:2
DA:935,0
DA:937,0
DA:1049,14
DA:1051,14
DA:1052,14
DA:1054,14
DA:1056,14
DA:1057,14
LF:8
LH:6
end_of_record
TN:VALADATE_TEST
SF:/home/bizarro/Documents/projects/valadate/tests/PIE/testloadpie.vala
DA:21,6
DA:24,4
DA:25,2
DA:26,2
DA:27,2
DA:31,4
DA:32,2
DA:33,2
DA:35,2
DA:36,2
LF:10
LH:10
end_of_record
SF:/home/bizarro/Documents/projects/valadate/tests/PIE/testloadpie.c
FN:70,valadate_framework_tests_test_load_pie_load_pie
FN:95,valadate_framework_tests_test_load_pie_has_test_method
FN:129,valadate_framework_tests_test_load_pie_construct
FN:139,valadate_framework_tests_test_load_pie_new
FN:146,valadate_framework_tests_test_load_pie_class_init
FN:153,valadate_framework_tests_test_load_pie_instance_init
FN:157,valadate_framework_tests_test_load_pie_get_type
FNDA:2,valadate_framework_tests_test_load_pie_load_pie
FNDA:2,valadate_framework_tests_test_load_pie_has_test_method
FNDA:2,valadate_framework_tests_test_load_pie_construct
FNDA:2,valadate_framework_tests_test_load_pie_new
FNDA:2,valadate_framework_tests_test_load_pie_class_init
FNDA:2,valadate_framework_tests_test_load_pie_instance_init
FNDA:2,valadate_framework_tests_test_load_pie_get_type
FNF:7
FNH:7
DA:70,2
DA:71,2
DA:72,2
DA:73,2
DA:74,2
DA:95,2
DA:96,2
DA:97,2
DA:98,2
DA:99,2
DA:100,2
DA:101,2
DA:102,2
DA:129,2
DA:130,2
DA:139,2
DA:146,2
DA:150,2
DA:153,2
DA:154,2
DA:157,2
DA:159,2
DA:162,2
DA:163,2
DA:165,2
LF:25
LH:25
end_of_record
